TERM_PROGRAM=Apple_Terminal
TERM=xterm-256color
SHELL=/bin/bash
TMPDIR=/var/folders/r3/g620c7095lx_cx9n34x_8_lm0000gq/T/
Apple_PubSub_Socket_Render=/private/tmp/com.apple.launchd.iA63ZSX13J/Render
CONDA_SHLVL=1
TERM_PROGRAM_VERSION=421.2
CONDA_PROMPT_MODIFIER=(base) 
TERM_SESSION_ID=073BDD9F-61DB-40DB-BFF1-CEDDF06945F9
USER=rcmurray
CONDA_EXE=/Users/rcmurray/opt/miniconda3/bin/conda
SSH_AUTH_SOCK=/private/tmp/com.apple.launchd.oucVz6uDD4/Listeners
_CE_CONDA=
PATH=/Users/rcmurray/opt/miniconda3/bin:/Users/rcmurray/opt/miniconda3/condabin:/Users/rcmurray/.jenv/shims:/Users/rcmurray/.jenv/bin:/usr/local/bin:/usr/bin:/bin:/usr/sbin:/sbin:/opt/X11/bin
CONDA_PREFIX=/Users/rcmurray/opt/miniconda3
PWD=/Users/rcmurray/git/DANCEcollaborative/bazaar/lightside
JENV_LOADED=1
JAVA_HOME=/Library/Java/JavaVirtualMachines/adoptopenjdk-8.jdk/Contents/Home
AWS_SECRET_ACCESS_KEY=5heykT+8Z/TQaPtREnxG026Idce28fNdOLWzVBGT
LANG=en_US.UTF-8
XPC_FLAGS=0x0
XPC_SERVICE_NAME=0
_CE_M=
AWS_ACCESS_KEY_ID=AKIAQKDD6XJ4IORCR4W3
HOME=/Users/rcmurray
SHLVL=2
LOGNAME=rcmurray
CONDA_PYTHON_EXE=/Users/rcmurray/opt/miniconda3/bin/python
JENV_SHELL=bash
CONDA_DEFAULT_ENV=base
BYOBU_PREFIX=/usr/local
_=/usr/bin/env
TERM_PROGRAM=Apple_Terminal
TERM=xterm-256color
SHELL=/bin/bash
TMPDIR=/var/folders/r3/g620c7095lx_cx9n34x_8_lm0000gq/T/
Apple_PubSub_Socket_Render=/private/tmp/com.apple.launchd.iA63ZSX13J/Render
CONDA_SHLVL=1
TERM_PROGRAM_VERSION=421.2
CONDA_PROMPT_MODIFIER=(base) 
TERM_SESSION_ID=073BDD9F-61DB-40DB-BFF1-CEDDF06945F9
USER=rcmurray
CONDA_EXE=/Users/rcmurray/opt/miniconda3/bin/conda
SSH_AUTH_SOCK=/private/tmp/com.apple.launchd.oucVz6uDD4/Listeners
_CE_CONDA=
PATH=/Users/rcmurray/opt/miniconda3/bin:/Users/rcmurray/opt/miniconda3/condabin:/Users/rcmurray/.jenv/shims:/Users/rcmurray/.jenv/bin:/usr/local/bin:/usr/bin:/bin:/usr/sbin:/sbin:/opt/X11/bin
CONDA_PREFIX=/Users/rcmurray/opt/miniconda3
PWD=/Users/rcmurray/git/DANCEcollaborative/bazaar/lightside
JENV_LOADED=1
JAVA_HOME=/Library/Java/JavaVirtualMachines/adoptopenjdk-8.jdk/Contents/Home
AWS_SECRET_ACCESS_KEY=5heykT+8Z/TQaPtREnxG026Idce28fNdOLWzVBGT
LANG=en_US.UTF-8
XPC_FLAGS=0x0
XPC_SERVICE_NAME=0
_CE_M=
AWS_ACCESS_KEY_ID=AKIAQKDD6XJ4IORCR4W3
HOME=/Users/rcmurray
SHLVL=2
LOGNAME=rcmurray
CONDA_PYTHON_EXE=/Users/rcmurray/opt/miniconda3/bin/python
JENV_SHELL=bash
CONDA_DEFAULT_ENV=base
BYOBU_PREFIX=/usr/local
_=/usr/bin/env
TERM_PROGRAM=Apple_Terminal
TERM=xterm-256color
SHELL=/bin/bash
TMPDIR=/var/folders/r3/g620c7095lx_cx9n34x_8_lm0000gq/T/
Apple_PubSub_Socket_Render=/private/tmp/com.apple.launchd.iA63ZSX13J/Render
CONDA_SHLVL=1
TERM_PROGRAM_VERSION=421.2
CONDA_PROMPT_MODIFIER=(base) 
TERM_SESSION_ID=073BDD9F-61DB-40DB-BFF1-CEDDF06945F9
USER=rcmurray
CONDA_EXE=/Users/rcmurray/opt/miniconda3/bin/conda
SSH_AUTH_SOCK=/private/tmp/com.apple.launchd.oucVz6uDD4/Listeners
_CE_CONDA=
PATH=/Users/rcmurray/opt/miniconda3/bin:/Users/rcmurray/opt/miniconda3/condabin:/Users/rcmurray/.jenv/shims:/Users/rcmurray/.jenv/bin:/usr/local/bin:/usr/bin:/bin:/usr/sbin:/sbin:/opt/X11/bin
CONDA_PREFIX=/Users/rcmurray/opt/miniconda3
PWD=/Users/rcmurray/git/DANCEcollaborative/bazaar/lightside
JENV_LOADED=1
JAVA_HOME=/Library/Java/JavaVirtualMachines/adoptopenjdk-8.jdk/Contents/Home
AWS_SECRET_ACCESS_KEY=5heykT+8Z/TQaPtREnxG026Idce28fNdOLWzVBGT
LANG=en_US.UTF-8
XPC_FLAGS=0x0
XPC_SERVICE_NAME=0
_CE_M=
AWS_ACCESS_KEY_ID=AKIAQKDD6XJ4IORCR4W3
HOME=/Users/rcmurray
SHLVL=2
LOGNAME=rcmurray
CONDA_PYTHON_EXE=/Users/rcmurray/opt/miniconda3/bin/python
JENV_SHELL=bash
CONDA_DEFAULT_ENV=base
BYOBU_PREFIX=/usr/local
_=/usr/bin/env
TERM_PROGRAM=Apple_Terminal
TERM=xterm-256color
SHELL=/bin/bash
TMPDIR=/var/folders/r3/g620c7095lx_cx9n34x_8_lm0000gq/T/
Apple_PubSub_Socket_Render=/private/tmp/com.apple.launchd.iA63ZSX13J/Render
CONDA_SHLVL=1
TERM_PROGRAM_VERSION=421.2
CONDA_PROMPT_MODIFIER=(base) 
TERM_SESSION_ID=073BDD9F-61DB-40DB-BFF1-CEDDF06945F9
USER=rcmurray
CONDA_EXE=/Users/rcmurray/opt/miniconda3/bin/conda
SSH_AUTH_SOCK=/private/tmp/com.apple.launchd.oucVz6uDD4/Listeners
_CE_CONDA=
PATH=/Users/rcmurray/opt/miniconda3/bin:/Users/rcmurray/opt/miniconda3/condabin:/Users/rcmurray/.jenv/shims:/Users/rcmurray/.jenv/bin:/usr/local/bin:/usr/bin:/bin:/usr/sbin:/sbin:/opt/X11/bin
CONDA_PREFIX=/Users/rcmurray/opt/miniconda3
PWD=/Users/rcmurray/git/DANCEcollaborative/bazaar/lightside
JENV_LOADED=1
JAVA_HOME=/Library/Java/JavaVirtualMachines/adoptopenjdk-8.jdk/Contents/Home
AWS_SECRET_ACCESS_KEY=5heykT+8Z/TQaPtREnxG026Idce28fNdOLWzVBGT
LANG=en_US.UTF-8
XPC_FLAGS=0x0
XPC_SERVICE_NAME=0
_CE_M=
AWS_ACCESS_KEY_ID=AKIAQKDD6XJ4IORCR4W3
HOME=/Users/rcmurray
SHLVL=2
LOGNAME=rcmurray
CONDA_PYTHON_EXE=/Users/rcmurray/opt/miniconda3/bin/python
JENV_SHELL=bash
CONDA_DEFAULT_ENV=base
BYOBU_PREFIX=/usr/local
_=/usr/bin/env
TERM_PROGRAM=Apple_Terminal
TERM=xterm-256color
SHELL=/bin/bash
TMPDIR=/var/folders/r3/g620c7095lx_cx9n34x_8_lm0000gq/T/
Apple_PubSub_Socket_Render=/private/tmp/com.apple.launchd.iA63ZSX13J/Render
CONDA_SHLVL=1
TERM_PROGRAM_VERSION=421.2
CONDA_PROMPT_MODIFIER=(base) 
TERM_SESSION_ID=073BDD9F-61DB-40DB-BFF1-CEDDF06945F9
USER=rcmurray
CONDA_EXE=/Users/rcmurray/opt/miniconda3/bin/conda
SSH_AUTH_SOCK=/private/tmp/com.apple.launchd.oucVz6uDD4/Listeners
_CE_CONDA=
PATH=/Users/rcmurray/opt/miniconda3/bin:/Users/rcmurray/opt/miniconda3/condabin:/Users/rcmurray/.jenv/shims:/Users/rcmurray/.jenv/bin:/usr/local/bin:/usr/bin:/bin:/usr/sbin:/sbin:/opt/X11/bin
CONDA_PREFIX=/Users/rcmurray/opt/miniconda3
PWD=/Users/rcmurray/git/DANCEcollaborative/bazaar/lightside
JENV_LOADED=1
JAVA_HOME=/Library/Java/JavaVirtualMachines/adoptopenjdk-8.jdk/Contents/Home
AWS_SECRET_ACCESS_KEY=5heykT+8Z/TQaPtREnxG026Idce28fNdOLWzVBGT
LANG=en_US.UTF-8
XPC_FLAGS=0x0
XPC_SERVICE_NAME=0
_CE_M=
AWS_ACCESS_KEY_ID=AKIAQKDD6XJ4IORCR4W3
HOME=/Users/rcmurray
SHLVL=2
LOGNAME=rcmurray
CONDA_PYTHON_EXE=/Users/rcmurray/opt/miniconda3/bin/python
JENV_SHELL=bash
CONDA_DEFAULT_ENV=base
BYOBU_PREFIX=/usr/local
_=/usr/bin/env
TERM_PROGRAM=Apple_Terminal
TERM=xterm-256color
SHELL=/bin/bash
TMPDIR=/var/folders/r3/g620c7095lx_cx9n34x_8_lm0000gq/T/
Apple_PubSub_Socket_Render=/private/tmp/com.apple.launchd.iA63ZSX13J/Render
CONDA_SHLVL=1
TERM_PROGRAM_VERSION=421.2
CONDA_PROMPT_MODIFIER=(base) 
TERM_SESSION_ID=073BDD9F-61DB-40DB-BFF1-CEDDF06945F9
USER=rcmurray
CONDA_EXE=/Users/rcmurray/opt/miniconda3/bin/conda
SSH_AUTH_SOCK=/private/tmp/com.apple.launchd.oucVz6uDD4/Listeners
_CE_CONDA=
PATH=/Users/rcmurray/opt/miniconda3/bin:/Users/rcmurray/opt/miniconda3/condabin:/Users/rcmurray/.jenv/shims:/Users/rcmurray/.jenv/bin:/usr/local/bin:/usr/bin:/bin:/usr/sbin:/sbin:/opt/X11/bin
CONDA_PREFIX=/Users/rcmurray/opt/miniconda3
PWD=/Users/rcmurray/git/DANCEcollaborative/bazaar/lightside
JENV_LOADED=1
JAVA_HOME=/Library/Java/JavaVirtualMachines/adoptopenjdk-8.jdk/Contents/Home
AWS_SECRET_ACCESS_KEY=5heykT+8Z/TQaPtREnxG026Idce28fNdOLWzVBGT
LANG=en_US.UTF-8
XPC_FLAGS=0x0
XPC_SERVICE_NAME=0
_CE_M=
AWS_ACCESS_KEY_ID=AKIAQKDD6XJ4IORCR4W3
HOME=/Users/rcmurray
SHLVL=2
LOGNAME=rcmurray
CONDA_PYTHON_EXE=/Users/rcmurray/opt/miniconda3/bin/python
JENV_SHELL=bash
CONDA_DEFAULT_ENV=base
BYOBU_PREFIX=/usr/local
_=/usr/bin/env
TERM_PROGRAM=Apple_Terminal
TERM=xterm-256color
SHELL=/bin/bash
TMPDIR=/var/folders/r3/g620c7095lx_cx9n34x_8_lm0000gq/T/
Apple_PubSub_Socket_Render=/private/tmp/com.apple.launchd.iA63ZSX13J/Render
CONDA_SHLVL=1
TERM_PROGRAM_VERSION=421.2
CONDA_PROMPT_MODIFIER=(base) 
TERM_SESSION_ID=073BDD9F-61DB-40DB-BFF1-CEDDF06945F9
USER=rcmurray
CONDA_EXE=/Users/rcmurray/opt/miniconda3/bin/conda
SSH_AUTH_SOCK=/private/tmp/com.apple.launchd.oucVz6uDD4/Listeners
_CE_CONDA=
PATH=/Users/rcmurray/opt/miniconda3/bin:/Users/rcmurray/opt/miniconda3/condabin:/Users/rcmurray/.jenv/shims:/Users/rcmurray/.jenv/bin:/usr/local/bin:/usr/bin:/bin:/usr/sbin:/sbin:/opt/X11/bin
CONDA_PREFIX=/Users/rcmurray/opt/miniconda3
PWD=/Users/rcmurray/git/DANCEcollaborative/bazaar/lightside
JENV_LOADED=1
JAVA_HOME=/Library/Java/JavaVirtualMachines/adoptopenjdk-8.jdk/Contents/Home
AWS_SECRET_ACCESS_KEY=5heykT+8Z/TQaPtREnxG026Idce28fNdOLWzVBGT
LANG=en_US.UTF-8
XPC_FLAGS=0x0
XPC_SERVICE_NAME=0
_CE_M=
AWS_ACCESS_KEY_ID=AKIAQKDD6XJ4IORCR4W3
HOME=/Users/rcmurray
SHLVL=2
LOGNAME=rcmurray
CONDA_PYTHON_EXE=/Users/rcmurray/opt/miniconda3/bin/python
JENV_SHELL=bash
CONDA_DEFAULT_ENV=base
BYOBU_PREFIX=/usr/local
_=/usr/bin/env
TERM_PROGRAM=Apple_Terminal
TERM=xterm-256color
SHELL=/bin/bash
TMPDIR=/var/folders/r3/g620c7095lx_cx9n34x_8_lm0000gq/T/
Apple_PubSub_Socket_Render=/private/tmp/com.apple.launchd.iA63ZSX13J/Render
CONDA_SHLVL=1
TERM_PROGRAM_VERSION=421.2
CONDA_PROMPT_MODIFIER=(base) 
TERM_SESSION_ID=073BDD9F-61DB-40DB-BFF1-CEDDF06945F9
USER=rcmurray
CONDA_EXE=/Users/rcmurray/opt/miniconda3/bin/conda
SSH_AUTH_SOCK=/private/tmp/com.apple.launchd.oucVz6uDD4/Listeners
_CE_CONDA=
PATH=/Users/rcmurray/opt/miniconda3/bin:/Users/rcmurray/opt/miniconda3/condabin:/Users/rcmurray/.jenv/shims:/Users/rcmurray/.jenv/bin:/usr/local/bin:/usr/bin:/bin:/usr/sbin:/sbin:/opt/X11/bin
CONDA_PREFIX=/Users/rcmurray/opt/miniconda3
PWD=/Users/rcmurray/git/DANCEcollaborative/bazaar/lightside
JENV_LOADED=1
JAVA_HOME=/Library/Java/JavaVirtualMachines/adoptopenjdk-8.jdk/Contents/Home
AWS_SECRET_ACCESS_KEY=5heykT+8Z/TQaPtREnxG026Idce28fNdOLWzVBGT
LANG=en_US.UTF-8
XPC_FLAGS=0x0
XPC_SERVICE_NAME=0
_CE_M=
AWS_ACCESS_KEY_ID=AKIAQKDD6XJ4IORCR4W3
HOME=/Users/rcmurray
SHLVL=2
LOGNAME=rcmurray
CONDA_PYTHON_EXE=/Users/rcmurray/opt/miniconda3/bin/python
JENV_SHELL=bash
CONDA_DEFAULT_ENV=base
BYOBU_PREFIX=/usr/local
_=/usr/bin/env
