Tue Mar  3 12:38:12 EST 2020
no DISPLAY variable set. Using DISPLAY=:0.0...
Mar 03, 2020 12:38:17 PM com.github.fommil.netlib.ARPACK <clinit>
WARNING: Failed to load implementation from: com.github.fommil.netlib.NativeSystemARPACK
Mar 03, 2020 12:38:17 PM com.github.fommil.netlib.ARPACK <clinit>
WARNING: Failed to load implementation from: com.github.fommil.netlib.NativeRefARPACK
Fri Apr  3 17:03:58 EDT 2020
no DISPLAY variable set. Using DISPLAY=:0.0...
Apr 03, 2020 5:04:00 PM com.github.fommil.netlib.ARPACK <clinit>
WARNING: Failed to load implementation from: com.github.fommil.netlib.NativeSystemARPACK
Apr 03, 2020 5:04:00 PM com.github.fommil.netlib.ARPACK <clinit>
WARNING: Failed to load implementation from: com.github.fommil.netlib.NativeRefARPACK
SLF4J: Failed to load class "org.slf4j.impl.StaticLoggerBinder".
SLF4J: Defaulting to no-operation (NOP) logger implementation
SLF4J: See http://www.slf4j.org/codes.html#StaticLoggerBinder for further details.
Apr 03, 2020 5:16:11 PM edu.cmu.side.control.BuildModelControl$BuildModelTask doTask
INFO: Training new model.
Zero Weights processed. Default weights will be used
Apr 03, 2020 5:16:11 PM edu.cmu.side.plugin.LearningPlugin train
INFO: Skipping evaluation -- validationSettings['test'] != 'true'
saving logit__1grams (TRAINED_MODEL)
REx: making new chooser 
REx: returning chooser for filter [LightSide Trained Model XML: [model.xml], Predict-Only XML: [predict.xml]]
[LightSide Trained Model XML: [model.xml], Predict-Only XML: [predict.xml], com.apple.laf.AquaFileChooserUI$AcceptAllFileFilter@641a76dd]
REx: chooser has [LightSide Trained Model XML: [model.xml], Predict-Only XML: [predict.xml], com.apple.laf.AquaFileChooserUI$AcceptAllFileFilter@641a76dd]
REx: getting trained model...
REx: setting default name 'logit__1grams.model.xml' from selected filter...
REx: selected file is 'logit__1grams.model.xml'
REx: showing dialogue...
Wrote XML recipe for logit__1grams.model.side to /Users/rcmurray/git/DANCEcollaborative/bazaar/lightside/models/sentiment.pos.detected.model.xml
saving logit__1grams (TRAINED_MODEL)
REx: returning chooser for filter [LightSide Trained Model XML: [model.xml], Predict-Only XML: [predict.xml]]
[LightSide Trained Model XML: [model.xml], Predict-Only XML: [predict.xml], com.apple.laf.AquaFileChooserUI$AcceptAllFileFilter@641a76dd]
REx: chooser has [LightSide Trained Model XML: [model.xml], Predict-Only XML: [predict.xml], com.apple.laf.AquaFileChooserUI$AcceptAllFileFilter@641a76dd]
REx: getting trained model...
REx: setting default name 'logit__1grams.model.xml' from selected filter...
REx: selected file is 'logit__1grams.model.xml'
REx: showing dialogue...
Fri Apr  3 21:53:31 EDT 2020
no DISPLAY variable set. Using DISPLAY=:0.0...
Apr 03, 2020 9:53:33 PM com.github.fommil.netlib.ARPACK <clinit>
WARNING: Failed to load implementation from: com.github.fommil.netlib.NativeSystemARPACK
Apr 03, 2020 9:53:33 PM com.github.fommil.netlib.ARPACK <clinit>
WARNING: Failed to load implementation from: com.github.fommil.netlib.NativeRefARPACK
SLF4J: Failed to load class "org.slf4j.impl.StaticLoggerBinder".
SLF4J: Defaulting to no-operation (NOP) logger implementation
SLF4J: See http://www.slf4j.org/codes.html#StaticLoggerBinder for further details.
Apr 03, 2020 9:55:09 PM edu.cmu.side.control.BuildModelControl$BuildModelTask doTask
INFO: Training new model.
Zero Weights processed. Default weights will be used
Apr 03, 2020 9:55:09 PM edu.cmu.side.plugin.LearningPlugin train
INFO: Skipping evaluation -- validationSettings['test'] != 'true'
saving logit__1grams (TRAINED_MODEL)
REx: making new chooser 
REx: returning chooser for filter [LightSide Trained Model XML: [model.xml], Predict-Only XML: [predict.xml]]
[LightSide Trained Model XML: [model.xml], Predict-Only XML: [predict.xml], com.apple.laf.AquaFileChooserUI$AcceptAllFileFilter@7e019146]
REx: chooser has [LightSide Trained Model XML: [model.xml], Predict-Only XML: [predict.xml], com.apple.laf.AquaFileChooserUI$AcceptAllFileFilter@7e019146]
REx: getting trained model...
REx: setting default name 'logit__1grams.model.xml' from selected filter...
REx: selected file is 'logit__1grams.model.xml'
REx: showing dialogue...
Wrote XML recipe for logit__1grams.model.side to /Users/rcmurray/git/DANCEcollaborative/bazaar/lightside/models/pos.model.xml
Fri Apr  3 23:04:38 EDT 2020
no DISPLAY variable set. Using DISPLAY=:0.0...
Apr 03, 2020 11:04:40 PM com.github.fommil.netlib.ARPACK <clinit>
WARNING: Failed to load implementation from: com.github.fommil.netlib.NativeSystemARPACK
Apr 03, 2020 11:04:40 PM com.github.fommil.netlib.ARPACK <clinit>
WARNING: Failed to load implementation from: com.github.fommil.netlib.NativeRefARPACK
SLF4J: Failed to load class "org.slf4j.impl.StaticLoggerBinder".
SLF4J: Defaulting to no-operation (NOP) logger implementation
SLF4J: See http://www.slf4j.org/codes.html#StaticLoggerBinder for further details.
Apr 03, 2020 11:06:14 PM edu.cmu.side.control.BuildModelControl$BuildModelTask doTask
INFO: Training new model.
Zero Weights processed. Default weights will be used
Apr 03, 2020 11:06:14 PM edu.cmu.side.plugin.LearningPlugin train
INFO: Skipping evaluation -- validationSettings['test'] != 'true'
saving logit__1grams (TRAINED_MODEL)
REx: making new chooser 
REx: returning chooser for filter [LightSide Trained Model XML: [model.xml], Predict-Only XML: [predict.xml]]
[LightSide Trained Model XML: [model.xml], Predict-Only XML: [predict.xml], com.apple.laf.AquaFileChooserUI$AcceptAllFileFilter@1584504f]
REx: chooser has [LightSide Trained Model XML: [model.xml], Predict-Only XML: [predict.xml], com.apple.laf.AquaFileChooserUI$AcceptAllFileFilter@1584504f]
REx: getting trained model...
REx: setting default name 'logit__1grams.model.xml' from selected filter...
REx: selected file is 'logit__1grams.model.xml'
REx: showing dialogue...
Wrote XML recipe for logit__1grams.model.predict to /Users/rcmurray/git/DANCEcollaborative/bazaar/lightside/models/pos.predict.xml
