Apr 03, 2020 4:12:25 PM edu.cmu.side.recipe.Predictor main
INFO: loading predictor from models/negative.simple.model.xml
Predictor: loadModel()
Apr 03, 2020 4:12:27 PM com.github.fommil.netlib.ARPACK <clinit>
WARNING: Failed to load implementation from: com.github.fommil.netlib.NativeSystemARPACK
Apr 03, 2020 4:12:27 PM com.github.fommil.netlib.ARPACK <clinit>
WARNING: Failed to load implementation from: com.github.fommil.netlib.NativeRefARPACK
Predictor: prettyPredict()
Apr 03, 2020 4:12:30 PM edu.cmu.side.recipe.Chef prepareDocumentList
INFO: Preparing documents...
Apr 03, 2020 4:12:30 PM edu.cmu.side.recipe.Chef printMemoryUsage
INFO: 0.2/3.6 GB used
Apr 03, 2020 4:12:30 PM edu.cmu.side.recipe.Chef simmerFeatures
INFO: Chef: Simmering features with Basic Features...
Apr 03, 2020 4:12:30 PM edu.cmu.side.recipe.Chef$1 update
INFO: Starting Extraction: 0/1
Apr 03, 2020 4:12:30 PM edu.cmu.side.recipe.Chef$1 update
INFO: Basic Features Extraction complete.
Apr 03, 2020 4:12:30 PM edu.cmu.side.recipe.Chef simmerFeatures
INFO: Chef: Finished simmering with Basic Features...
Apr 03, 2020 4:12:30 PM edu.cmu.side.recipe.Chef simmerFeatures
INFO: Chef: Done simmering with plugins!
Apr 03, 2020 4:12:30 PM edu.cmu.side.recipe.Chef simmerFeatures
INFO: Chef: Building feature table...
Apr 03, 2020 4:12:30 PM edu.cmu.side.recipe.Chef simmerFeatures
INFO: Chef: Done building feature table!
followRecipe took 0.124 seconds
getTrainingTable took 0.0 seconds
Apr 03, 2020 4:12:30 PM edu.cmu.side.recipe.Predictor predict
INFO: 1 features total
Apr 03, 2020 4:12:30 PM edu.cmu.side.recipe.Predictor predict
INFO: 1 feature hits in document 0
Apr 03, 2020 4:12:30 PM edu.cmu.side.recipe.Predictor predictFromTable
INFO: 1 feature hits in document 0 after reconciliation
Apr 03, 2020 4:12:30 PM edu.cmu.side.recipe.Predictor predictFromTable
INFO: 4485 features total
getLearner() took 0.0 seconds
learner.predict took 0.116 seconds

Predictor: prettyPredict()
Apr 03, 2020 4:12:36 PM edu.cmu.side.recipe.Chef prepareDocumentList
INFO: Preparing documents...
Apr 03, 2020 4:12:36 PM edu.cmu.side.recipe.Chef printMemoryUsage
INFO: 0.2/3.6 GB used
Apr 03, 2020 4:12:36 PM edu.cmu.side.recipe.Chef simmerFeatures
INFO: Chef: Simmering features with Basic Features...
Apr 03, 2020 4:12:36 PM edu.cmu.side.recipe.Chef$1 update
INFO: Starting Extraction: 0/1
Apr 03, 2020 4:12:36 PM edu.cmu.side.recipe.Chef$1 update
INFO: Basic Features Extraction complete.
Apr 03, 2020 4:12:36 PM edu.cmu.side.recipe.Chef simmerFeatures
INFO: Chef: Finished simmering with Basic Features...
Apr 03, 2020 4:12:36 PM edu.cmu.side.recipe.Chef simmerFeatures
INFO: Chef: Done simmering with plugins!
Apr 03, 2020 4:12:36 PM edu.cmu.side.recipe.Chef simmerFeatures
INFO: Chef: Building feature table...
Apr 03, 2020 4:12:36 PM edu.cmu.side.recipe.Chef simmerFeatures
INFO: Chef: Done building feature table!
followRecipe took 0.004 seconds
getTrainingTable took 0.0 seconds
Apr 03, 2020 4:12:36 PM edu.cmu.side.recipe.Predictor predict
INFO: 1 features total
Apr 03, 2020 4:12:36 PM edu.cmu.side.recipe.Predictor predict
INFO: 1 feature hits in document 0
Apr 03, 2020 4:12:36 PM edu.cmu.side.recipe.Predictor predictFromTable
INFO: 1 feature hits in document 0 after reconciliation
Apr 03, 2020 4:12:36 PM edu.cmu.side.recipe.Predictor predictFromTable
INFO: 4485 features total
getLearner() took 0.0 seconds
learner.predict took 0.046 seconds
