TERM_PROGRAM=Apple_Terminal
SHELL=/bin/bash
TERM=xterm-256color
TMPDIR=/var/folders/r3/g620c7095lx_cx9n34x_8_lm0000gq/T/
Apple_PubSub_Socket_Render=/private/tmp/com.apple.launchd.k3bSnPSHlf/Render
CONDA_SHLVL=1
TERM_PROGRAM_VERSION=421.2
CONDA_PROMPT_MODIFIER=(base) 
TERM_SESSION_ID=E94898EE-281F-4D62-B42D-4D38CDB5829B
USER=rcmurray
CONDA_EXE=/Users/rcmurray/opt/miniconda3/bin/conda
SSH_AUTH_SOCK=/private/tmp/com.apple.launchd.Mx5WJvK3wu/Listeners
_CE_CONDA=
PATH=/Users/rcmurray/opt/miniconda3/bin:/Users/rcmurray/opt/miniconda3/condabin:/Users/rcmurray/.jenv/shims:/Users/rcmurray/.jenv/bin:/usr/local/bin:/usr/bin:/bin:/usr/sbin:/sbin:/opt/X11/bin
CONDA_PREFIX=/Users/rcmurray/opt/miniconda3
PWD=/Users/rcmurray/git/DANCEcollaborative/bazaar/lightside
JENV_LOADED=1
JAVA_HOME=/Library/Java/JavaVirtualMachines/adoptopenjdk-8.jdk/Contents/Home
AWS_SECRET_ACCESS_KEY=5heykT+8Z/TQaPtREnxG026Idce28fNdOLWzVBGT
LANG=en_US.UTF-8
XPC_FLAGS=0x0
XPC_SERVICE_NAME=0
_CE_M=
AWS_ACCESS_KEY_ID=AKIAQKDD6XJ4IORCR4W3
SHLVL=2
HOME=/Users/rcmurray
LOGNAME=rcmurray
CONDA_PYTHON_EXE=/Users/rcmurray/opt/miniconda3/bin/python
JENV_SHELL=bash
CONDA_DEFAULT_ENV=base
BYOBU_PREFIX=/usr/local
SECURITYSESSIONID=186aa
_=/usr/bin/env
TERM_PROGRAM=Apple_Terminal
SHELL=/bin/bash
TERM=xterm-256color
TMPDIR=/var/folders/r3/g620c7095lx_cx9n34x_8_lm0000gq/T/
Apple_PubSub_Socket_Render=/private/tmp/com.apple.launchd.k3bSnPSHlf/Render
CONDA_SHLVL=1
TERM_PROGRAM_VERSION=421.2
CONDA_PROMPT_MODIFIER=(base) 
TERM_SESSION_ID=E94898EE-281F-4D62-B42D-4D38CDB5829B
USER=rcmurray
CONDA_EXE=/Users/rcmurray/opt/miniconda3/bin/conda
SSH_AUTH_SOCK=/private/tmp/com.apple.launchd.Mx5WJvK3wu/Listeners
_CE_CONDA=
PATH=/Users/rcmurray/opt/miniconda3/bin:/Users/rcmurray/opt/miniconda3/condabin:/Users/rcmurray/.jenv/shims:/Users/rcmurray/.jenv/bin:/usr/local/bin:/usr/bin:/bin:/usr/sbin:/sbin:/opt/X11/bin
CONDA_PREFIX=/Users/rcmurray/opt/miniconda3
PWD=/Users/rcmurray/git/DANCEcollaborative/bazaar/lightside
JENV_LOADED=1
JAVA_HOME=/Library/Java/JavaVirtualMachines/adoptopenjdk-8.jdk/Contents/Home
AWS_SECRET_ACCESS_KEY=5heykT+8Z/TQaPtREnxG026Idce28fNdOLWzVBGT
LANG=en_US.UTF-8
XPC_FLAGS=0x0
XPC_SERVICE_NAME=0
_CE_M=
AWS_ACCESS_KEY_ID=AKIAQKDD6XJ4IORCR4W3
SHLVL=2
HOME=/Users/rcmurray
LOGNAME=rcmurray
CONDA_PYTHON_EXE=/Users/rcmurray/opt/miniconda3/bin/python
JENV_SHELL=bash
CONDA_DEFAULT_ENV=base
BYOBU_PREFIX=/usr/local
SECURITYSESSIONID=186aa
_=/usr/bin/env
TERM_PROGRAM=Apple_Terminal
SHELL=/bin/bash
TERM=xterm-256color
TMPDIR=/var/folders/r3/g620c7095lx_cx9n34x_8_lm0000gq/T/
Apple_PubSub_Socket_Render=/private/tmp/com.apple.launchd.k3bSnPSHlf/Render
CONDA_SHLVL=1
TERM_PROGRAM_VERSION=421.2
CONDA_PROMPT_MODIFIER=(base) 
TERM_SESSION_ID=E94898EE-281F-4D62-B42D-4D38CDB5829B
USER=rcmurray
CONDA_EXE=/Users/rcmurray/opt/miniconda3/bin/conda
SSH_AUTH_SOCK=/private/tmp/com.apple.launchd.Mx5WJvK3wu/Listeners
_CE_CONDA=
PATH=/Users/rcmurray/opt/miniconda3/bin:/Users/rcmurray/opt/miniconda3/condabin:/Users/rcmurray/.jenv/shims:/Users/rcmurray/.jenv/bin:/usr/local/bin:/usr/bin:/bin:/usr/sbin:/sbin:/opt/X11/bin
CONDA_PREFIX=/Users/rcmurray/opt/miniconda3
PWD=/Users/rcmurray/git/DANCEcollaborative/bazaar/lightside
JENV_LOADED=1
JAVA_HOME=/Library/Java/JavaVirtualMachines/adoptopenjdk-8.jdk/Contents/Home
AWS_SECRET_ACCESS_KEY=5heykT+8Z/TQaPtREnxG026Idce28fNdOLWzVBGT
LANG=en_US.UTF-8
XPC_FLAGS=0x0
XPC_SERVICE_NAME=0
_CE_M=
AWS_ACCESS_KEY_ID=AKIAQKDD6XJ4IORCR4W3
SHLVL=2
HOME=/Users/rcmurray
LOGNAME=rcmurray
CONDA_PYTHON_EXE=/Users/rcmurray/opt/miniconda3/bin/python
JENV_SHELL=bash
CONDA_DEFAULT_ENV=base
BYOBU_PREFIX=/usr/local
SECURITYSESSIONID=186aa
_=/usr/bin/env
SHELL=/bin/bash
TMPDIR=/var/folders/r3/g620c7095lx_cx9n34x_8_lm0000gq/T/
Apple_PubSub_Socket_Render=/private/tmp/com.apple.launchd.k3bSnPSHlf/Render
USER=rcmurray
SSH_AUTH_SOCK=/private/tmp/com.apple.launchd.Mx5WJvK3wu/Listeners
__CF_USER_TEXT_ENCODING=0x1F7:0x0:0x0
PATH=/Users/rcmurray/opt/miniconda3/bin:/Users/rcmurray/opt/miniconda3/condabin:/Users/rcmurray/.jenv/shims:/Users/rcmurray/.jenv/bin:/usr/local/bin:/usr/bin:/bin:/usr/sbin:/sbin:/opt/X11/bin
PWD=/Users/rcmurray/git/DANCEcollaborative/bazaar/lightside
JAVA_HOME=/Library/Java/JavaVirtualMachines/adoptopenjdk-8.jdk/Contents/Home
LANG=en_US.UTF-8
JAVA_STARTED_ON_FIRST_THREAD_2461=1
XPC_FLAGS=0x0
APP_ICON_2461=../Resources/Eclipse.icns
XPC_SERVICE_NAME=0
SHLVL=1
HOME=/Users/rcmurray
LOGNAME=rcmurray
SQLITE_EXEMPT_PATH_FROM_VNODE_GUARDS=/Users/rcmurray/Library/WebKit/Databases
_=/usr/bin/env
SHELL=/bin/bash
TMPDIR=/var/folders/r3/g620c7095lx_cx9n34x_8_lm0000gq/T/
Apple_PubSub_Socket_Render=/private/tmp/com.apple.launchd.k3bSnPSHlf/Render
USER=rcmurray
SSH_AUTH_SOCK=/private/tmp/com.apple.launchd.Mx5WJvK3wu/Listeners
__CF_USER_TEXT_ENCODING=0x1F7:0x0:0x0
PATH=/Users/rcmurray/opt/miniconda3/bin:/Users/rcmurray/opt/miniconda3/condabin:/Users/rcmurray/.jenv/shims:/Users/rcmurray/.jenv/bin:/usr/local/bin:/usr/bin:/bin:/usr/sbin:/sbin:/opt/X11/bin
PWD=/Users/rcmurray/git/DANCEcollaborative/bazaar/lightside
JAVA_HOME=/Library/Java/JavaVirtualMachines/adoptopenjdk-8.jdk/Contents/Home
LANG=en_US.UTF-8
JAVA_STARTED_ON_FIRST_THREAD_2461=1
XPC_FLAGS=0x0
APP_ICON_2461=../Resources/Eclipse.icns
XPC_SERVICE_NAME=0
SHLVL=1
HOME=/Users/rcmurray
LOGNAME=rcmurray
SQLITE_EXEMPT_PATH_FROM_VNODE_GUARDS=/Users/rcmurray/Library/WebKit/Databases
_=/usr/bin/env
SHELL=/bin/bash
TMPDIR=/var/folders/r3/g620c7095lx_cx9n34x_8_lm0000gq/T/
Apple_PubSub_Socket_Render=/private/tmp/com.apple.launchd.k3bSnPSHlf/Render
USER=rcmurray
JAVA_MAIN_CLASS_5222=basilica2.side.listeners.LightSideMessageAnnotator
SSH_AUTH_SOCK=/private/tmp/com.apple.launchd.Mx5WJvK3wu/Listeners
__CF_USER_TEXT_ENCODING=0x1F7:0x0:0x0
PATH=/Users/rcmurray/opt/miniconda3/bin:/Users/rcmurray/opt/miniconda3/condabin:/Users/rcmurray/.jenv/shims:/Users/rcmurray/.jenv/bin:/usr/local/bin:/usr/bin:/bin:/usr/sbin:/sbin:/opt/X11/bin
PWD=/Users/rcmurray/git/DANCEcollaborative/bazaar/lightside
JAVA_HOME=/Library/Java/JavaVirtualMachines/adoptopenjdk-8.jdk/Contents/Home
LANG=en_US.UTF-8
JAVA_STARTED_ON_FIRST_THREAD_2461=1
XPC_FLAGS=0x0
APP_ICON_2461=../Resources/Eclipse.icns
XPC_SERVICE_NAME=0
SHLVL=1
HOME=/Users/rcmurray
LOGNAME=rcmurray
SQLITE_EXEMPT_PATH_FROM_VNODE_GUARDS=/Users/rcmurray/Library/WebKit/Databases
_=/usr/bin/env
SHELL=/bin/bash
TMPDIR=/var/folders/r3/g620c7095lx_cx9n34x_8_lm0000gq/T/
Apple_PubSub_Socket_Render=/private/tmp/com.apple.launchd.k3bSnPSHlf/Render
USER=rcmurray
SSH_AUTH_SOCK=/private/tmp/com.apple.launchd.Mx5WJvK3wu/Listeners
__CF_USER_TEXT_ENCODING=0x1F7:0x0:0x0
PATH=/Users/rcmurray/opt/miniconda3/bin:/Users/rcmurray/opt/miniconda3/condabin:/Users/rcmurray/.jenv/shims:/Users/rcmurray/.jenv/bin:/usr/local/bin:/usr/bin:/bin:/usr/sbin:/sbin:/opt/X11/bin
PWD=/Users/rcmurray/git/DANCEcollaborative/bazaar/lightside
JAVA_HOME=/Library/Java/JavaVirtualMachines/adoptopenjdk-8.jdk/Contents/Home
LANG=en_US.UTF-8
JAVA_STARTED_ON_FIRST_THREAD_2461=1
XPC_FLAGS=0x0
APP_ICON_2461=../Resources/Eclipse.icns
XPC_SERVICE_NAME=0
SHLVL=1
HOME=/Users/rcmurray
LOGNAME=rcmurray
SQLITE_EXEMPT_PATH_FROM_VNODE_GUARDS=/Users/rcmurray/Library/WebKit/Databases
_=/usr/bin/env
TERM_PROGRAM=Apple_Terminal
SHELL=/bin/bash
TERM=xterm-256color
TMPDIR=/var/folders/r3/g620c7095lx_cx9n34x_8_lm0000gq/T/
Apple_PubSub_Socket_Render=/private/tmp/com.apple.launchd.k3bSnPSHlf/Render
CONDA_SHLVL=1
TERM_PROGRAM_VERSION=421.2
CONDA_PROMPT_MODIFIER=(base) 
TERM_SESSION_ID=E94898EE-281F-4D62-B42D-4D38CDB5829B
USER=rcmurray
CONDA_EXE=/Users/rcmurray/opt/miniconda3/bin/conda
SSH_AUTH_SOCK=/private/tmp/com.apple.launchd.Mx5WJvK3wu/Listeners
_CE_CONDA=
PATH=/Users/rcmurray/opt/miniconda3/bin:/Users/rcmurray/opt/miniconda3/condabin:/Users/rcmurray/.jenv/shims:/Users/rcmurray/.jenv/bin:/usr/local/bin:/usr/bin:/bin:/usr/sbin:/sbin:/opt/X11/bin
CONDA_PREFIX=/Users/rcmurray/opt/miniconda3
PWD=/Users/rcmurray/git/DANCEcollaborative/bazaar/lightside
JENV_LOADED=1
JAVA_HOME=/Library/Java/JavaVirtualMachines/adoptopenjdk-8.jdk/Contents/Home
AWS_SECRET_ACCESS_KEY=5heykT+8Z/TQaPtREnxG026Idce28fNdOLWzVBGT
LANG=en_US.UTF-8
XPC_FLAGS=0x0
XPC_SERVICE_NAME=0
_CE_M=
AWS_ACCESS_KEY_ID=AKIAQKDD6XJ4IORCR4W3
SHLVL=2
HOME=/Users/rcmurray
LOGNAME=rcmurray
CONDA_PYTHON_EXE=/Users/rcmurray/opt/miniconda3/bin/python
JENV_SHELL=bash
CONDA_DEFAULT_ENV=base
BYOBU_PREFIX=/usr/local
SECURITYSESSIONID=186aa
_=/usr/bin/env
SHELL=/bin/bash
TMPDIR=/var/folders/r3/g620c7095lx_cx9n34x_8_lm0000gq/T/
Apple_PubSub_Socket_Render=/private/tmp/com.apple.launchd.k3bSnPSHlf/Render
USER=rcmurray
SSH_AUTH_SOCK=/private/tmp/com.apple.launchd.Mx5WJvK3wu/Listeners
__CF_USER_TEXT_ENCODING=0x1F7:0x0:0x0
PATH=/Users/rcmurray/opt/miniconda3/bin:/Users/rcmurray/opt/miniconda3/condabin:/Users/rcmurray/.jenv/shims:/Users/rcmurray/.jenv/bin:/usr/local/bin:/usr/bin:/bin:/usr/sbin:/sbin:/opt/X11/bin
PWD=/Users/rcmurray/git/DANCEcollaborative/bazaar/lightside
JAVA_HOME=/Library/Java/JavaVirtualMachines/adoptopenjdk-8.jdk/Contents/Home
LANG=en_US.UTF-8
JAVA_STARTED_ON_FIRST_THREAD_2461=1
XPC_FLAGS=0x0
APP_ICON_2461=../Resources/Eclipse.icns
XPC_SERVICE_NAME=0
SHLVL=1
HOME=/Users/rcmurray
LOGNAME=rcmurray
SQLITE_EXEMPT_PATH_FROM_VNODE_GUARDS=/Users/rcmurray/Library/WebKit/Databases
_=/usr/bin/env
SHELL=/bin/bash
TMPDIR=/var/folders/r3/g620c7095lx_cx9n34x_8_lm0000gq/T/
Apple_PubSub_Socket_Render=/private/tmp/com.apple.launchd.k3bSnPSHlf/Render
USER=rcmurray
SSH_AUTH_SOCK=/private/tmp/com.apple.launchd.Mx5WJvK3wu/Listeners
__CF_USER_TEXT_ENCODING=0x1F7:0x0:0x0
PATH=/Users/rcmurray/opt/miniconda3/bin:/Users/rcmurray/opt/miniconda3/condabin:/Users/rcmurray/.jenv/shims:/Users/rcmurray/.jenv/bin:/usr/local/bin:/usr/bin:/bin:/usr/sbin:/sbin:/opt/X11/bin
PWD=/Users/rcmurray/git/DANCEcollaborative/bazaar/lightside
JAVA_HOME=/Library/Java/JavaVirtualMachines/adoptopenjdk-8.jdk/Contents/Home
LANG=en_US.UTF-8
JAVA_STARTED_ON_FIRST_THREAD_2461=1
XPC_FLAGS=0x0
APP_ICON_2461=../Resources/Eclipse.icns
XPC_SERVICE_NAME=0
SHLVL=1
HOME=/Users/rcmurray
LOGNAME=rcmurray
SQLITE_EXEMPT_PATH_FROM_VNODE_GUARDS=/Users/rcmurray/Library/WebKit/Databases
_=/usr/bin/env
TERM_PROGRAM=Apple_Terminal
SHELL=/bin/bash
TERM=xterm-256color
TMPDIR=/var/folders/r3/g620c7095lx_cx9n34x_8_lm0000gq/T/
Apple_PubSub_Socket_Render=/private/tmp/com.apple.launchd.k3bSnPSHlf/Render
CONDA_SHLVL=1
TERM_PROGRAM_VERSION=421.2
CONDA_PROMPT_MODIFIER=(base) 
TERM_SESSION_ID=E94898EE-281F-4D62-B42D-4D38CDB5829B
USER=rcmurray
CONDA_EXE=/Users/rcmurray/opt/miniconda3/bin/conda
SSH_AUTH_SOCK=/private/tmp/com.apple.launchd.Mx5WJvK3wu/Listeners
_CE_CONDA=
PATH=/Users/rcmurray/opt/miniconda3/bin:/Users/rcmurray/opt/miniconda3/condabin:/Users/rcmurray/.jenv/shims:/Users/rcmurray/.jenv/bin:/usr/local/bin:/usr/bin:/bin:/usr/sbin:/sbin:/opt/X11/bin
CONDA_PREFIX=/Users/rcmurray/opt/miniconda3
PWD=/Users/rcmurray/git/DANCEcollaborative/bazaar/lightside
JENV_LOADED=1
JAVA_HOME=/Library/Java/JavaVirtualMachines/adoptopenjdk-8.jdk/Contents/Home
AWS_SECRET_ACCESS_KEY=5heykT+8Z/TQaPtREnxG026Idce28fNdOLWzVBGT
LANG=en_US.UTF-8
XPC_FLAGS=0x0
XPC_SERVICE_NAME=0
_CE_M=
AWS_ACCESS_KEY_ID=AKIAQKDD6XJ4IORCR4W3
SHLVL=2
HOME=/Users/rcmurray
LOGNAME=rcmurray
CONDA_PYTHON_EXE=/Users/rcmurray/opt/miniconda3/bin/python
JENV_SHELL=bash
CONDA_DEFAULT_ENV=base
BYOBU_PREFIX=/usr/local
SECURITYSESSIONID=186aa
_=/usr/bin/env
SHELL=/bin/bash
TMPDIR=/var/folders/r3/g620c7095lx_cx9n34x_8_lm0000gq/T/
Apple_PubSub_Socket_Render=/private/tmp/com.apple.launchd.k3bSnPSHlf/Render
USER=rcmurray
SSH_AUTH_SOCK=/private/tmp/com.apple.launchd.Mx5WJvK3wu/Listeners
__CF_USER_TEXT_ENCODING=0x1F7:0x0:0x0
PATH=/Users/rcmurray/opt/miniconda3/bin:/Users/rcmurray/opt/miniconda3/condabin:/Users/rcmurray/.jenv/shims:/Users/rcmurray/.jenv/bin:/usr/local/bin:/usr/bin:/bin:/usr/sbin:/sbin:/opt/X11/bin
PWD=/Users/rcmurray/git/DANCEcollaborative/bazaar/lightside
JAVA_HOME=/Library/Java/JavaVirtualMachines/adoptopenjdk-8.jdk/Contents/Home
LANG=en_US.UTF-8
JAVA_STARTED_ON_FIRST_THREAD_2461=1
XPC_FLAGS=0x0
APP_ICON_2461=../Resources/Eclipse.icns
XPC_SERVICE_NAME=0
SHLVL=1
HOME=/Users/rcmurray
LOGNAME=rcmurray
SQLITE_EXEMPT_PATH_FROM_VNODE_GUARDS=/Users/rcmurray/Library/WebKit/Databases
_=/usr/bin/env
SHELL=/bin/bash
TMPDIR=/var/folders/r3/g620c7095lx_cx9n34x_8_lm0000gq/T/
Apple_PubSub_Socket_Render=/private/tmp/com.apple.launchd.k3bSnPSHlf/Render
USER=rcmurray
SSH_AUTH_SOCK=/private/tmp/com.apple.launchd.Mx5WJvK3wu/Listeners
__CF_USER_TEXT_ENCODING=0x1F7:0x0:0x0
PATH=/Users/rcmurray/opt/miniconda3/bin:/Users/rcmurray/opt/miniconda3/condabin:/Users/rcmurray/.jenv/shims:/Users/rcmurray/.jenv/bin:/usr/local/bin:/usr/bin:/bin:/usr/sbin:/sbin:/opt/X11/bin
PWD=/Users/rcmurray/git/DANCEcollaborative/bazaar/lightside
JAVA_HOME=/Library/Java/JavaVirtualMachines/adoptopenjdk-8.jdk/Contents/Home
LANG=en_US.UTF-8
JAVA_STARTED_ON_FIRST_THREAD_2461=1
XPC_FLAGS=0x0
APP_ICON_2461=../Resources/Eclipse.icns
XPC_SERVICE_NAME=0
SHLVL=1
HOME=/Users/rcmurray
LOGNAME=rcmurray
SQLITE_EXEMPT_PATH_FROM_VNODE_GUARDS=/Users/rcmurray/Library/WebKit/Databases
_=/usr/bin/env
TERM_PROGRAM=Apple_Terminal
SHELL=/bin/bash
TERM=xterm-256color
TMPDIR=/var/folders/r3/g620c7095lx_cx9n34x_8_lm0000gq/T/
Apple_PubSub_Socket_Render=/private/tmp/com.apple.launchd.k3bSnPSHlf/Render
CONDA_SHLVL=1
TERM_PROGRAM_VERSION=421.2
CONDA_PROMPT_MODIFIER=(base) 
TERM_SESSION_ID=E94898EE-281F-4D62-B42D-4D38CDB5829B
USER=rcmurray
CONDA_EXE=/Users/rcmurray/opt/miniconda3/bin/conda
SSH_AUTH_SOCK=/private/tmp/com.apple.launchd.Mx5WJvK3wu/Listeners
_CE_CONDA=
PATH=/Users/rcmurray/opt/miniconda3/bin:/Users/rcmurray/opt/miniconda3/condabin:/Users/rcmurray/.jenv/shims:/Users/rcmurray/.jenv/bin:/usr/local/bin:/usr/bin:/bin:/usr/sbin:/sbin:/opt/X11/bin
CONDA_PREFIX=/Users/rcmurray/opt/miniconda3
PWD=/Users/rcmurray/git/DANCEcollaborative/bazaar/lightside
JENV_LOADED=1
JAVA_HOME=/Library/Java/JavaVirtualMachines/adoptopenjdk-8.jdk/Contents/Home
AWS_SECRET_ACCESS_KEY=5heykT+8Z/TQaPtREnxG026Idce28fNdOLWzVBGT
LANG=en_US.UTF-8
XPC_FLAGS=0x0
XPC_SERVICE_NAME=0
_CE_M=
AWS_ACCESS_KEY_ID=AKIAQKDD6XJ4IORCR4W3
SHLVL=2
HOME=/Users/rcmurray
LOGNAME=rcmurray
CONDA_PYTHON_EXE=/Users/rcmurray/opt/miniconda3/bin/python
JENV_SHELL=bash
CONDA_DEFAULT_ENV=base
BYOBU_PREFIX=/usr/local
SECURITYSESSIONID=186aa
_=/usr/bin/env
TERM_PROGRAM=Apple_Terminal
SHELL=/bin/bash
TERM=xterm-256color
TMPDIR=/var/folders/r3/g620c7095lx_cx9n34x_8_lm0000gq/T/
Apple_PubSub_Socket_Render=/private/tmp/com.apple.launchd.k3bSnPSHlf/Render
CONDA_SHLVL=1
TERM_PROGRAM_VERSION=421.2
CONDA_PROMPT_MODIFIER=(base) 
TERM_SESSION_ID=E94898EE-281F-4D62-B42D-4D38CDB5829B
USER=rcmurray
CONDA_EXE=/Users/rcmurray/opt/miniconda3/bin/conda
SSH_AUTH_SOCK=/private/tmp/com.apple.launchd.Mx5WJvK3wu/Listeners
_CE_CONDA=
PATH=/Users/rcmurray/opt/miniconda3/bin:/Users/rcmurray/opt/miniconda3/condabin:/Users/rcmurray/.jenv/shims:/Users/rcmurray/.jenv/bin:/usr/local/bin:/usr/bin:/bin:/usr/sbin:/sbin:/opt/X11/bin
CONDA_PREFIX=/Users/rcmurray/opt/miniconda3
PWD=/Users/rcmurray/git/DANCEcollaborative/bazaar/lightside
JENV_LOADED=1
JAVA_HOME=/Library/Java/JavaVirtualMachines/adoptopenjdk-8.jdk/Contents/Home
AWS_SECRET_ACCESS_KEY=5heykT+8Z/TQaPtREnxG026Idce28fNdOLWzVBGT
LANG=en_US.UTF-8
XPC_FLAGS=0x0
XPC_SERVICE_NAME=0
_CE_M=
AWS_ACCESS_KEY_ID=AKIAQKDD6XJ4IORCR4W3
SHLVL=2
HOME=/Users/rcmurray
LOGNAME=rcmurray
CONDA_PYTHON_EXE=/Users/rcmurray/opt/miniconda3/bin/python
JENV_SHELL=bash
CONDA_DEFAULT_ENV=base
BYOBU_PREFIX=/usr/local
SECURITYSESSIONID=186aa
_=/usr/bin/env
SHELL=/bin/bash
TMPDIR=/var/folders/r3/g620c7095lx_cx9n34x_8_lm0000gq/T/
Apple_PubSub_Socket_Render=/private/tmp/com.apple.launchd.k3bSnPSHlf/Render
USER=rcmurray
SSH_AUTH_SOCK=/private/tmp/com.apple.launchd.Mx5WJvK3wu/Listeners
__CF_USER_TEXT_ENCODING=0x1F7:0x0:0x0
PATH=/Users/rcmurray/opt/miniconda3/bin:/Users/rcmurray/opt/miniconda3/condabin:/Users/rcmurray/.jenv/shims:/Users/rcmurray/.jenv/bin:/usr/local/bin:/usr/bin:/bin:/usr/sbin:/sbin:/opt/X11/bin
PWD=/Users/rcmurray/git/DANCEcollaborative/bazaar/lightside
JAVA_HOME=/Library/Java/JavaVirtualMachines/adoptopenjdk-8.jdk/Contents/Home
LANG=en_US.UTF-8
JAVA_STARTED_ON_FIRST_THREAD_2461=1
XPC_FLAGS=0x0
APP_ICON_2461=../Resources/Eclipse.icns
XPC_SERVICE_NAME=0
SHLVL=1
HOME=/Users/rcmurray
LOGNAME=rcmurray
SQLITE_EXEMPT_PATH_FROM_VNODE_GUARDS=/Users/rcmurray/Library/WebKit/Databases
_=/usr/bin/env
SHELL=/bin/bash
TMPDIR=/var/folders/r3/g620c7095lx_cx9n34x_8_lm0000gq/T/
Apple_PubSub_Socket_Render=/private/tmp/com.apple.launchd.k3bSnPSHlf/Render
USER=rcmurray
SSH_AUTH_SOCK=/private/tmp/com.apple.launchd.Mx5WJvK3wu/Listeners
__CF_USER_TEXT_ENCODING=0x1F7:0x0:0x0
PATH=/Users/rcmurray/opt/miniconda3/bin:/Users/rcmurray/opt/miniconda3/condabin:/Users/rcmurray/.jenv/shims:/Users/rcmurray/.jenv/bin:/usr/local/bin:/usr/bin:/bin:/usr/sbin:/sbin:/opt/X11/bin
PWD=/Users/rcmurray/git/DANCEcollaborative/bazaar/lightside
JAVA_HOME=/Library/Java/JavaVirtualMachines/adoptopenjdk-8.jdk/Contents/Home
LANG=en_US.UTF-8
JAVA_STARTED_ON_FIRST_THREAD_2461=1
XPC_FLAGS=0x0
APP_ICON_2461=../Resources/Eclipse.icns
XPC_SERVICE_NAME=0
SHLVL=1
HOME=/Users/rcmurray
LOGNAME=rcmurray
SQLITE_EXEMPT_PATH_FROM_VNODE_GUARDS=/Users/rcmurray/Library/WebKit/Databases
_=/usr/bin/env
TERM_PROGRAM=Apple_Terminal
SHELL=/bin/bash
TERM=xterm-256color
TMPDIR=/var/folders/r3/g620c7095lx_cx9n34x_8_lm0000gq/T/
Apple_PubSub_Socket_Render=/private/tmp/com.apple.launchd.k3bSnPSHlf/Render
CONDA_SHLVL=1
TERM_PROGRAM_VERSION=421.2
CONDA_PROMPT_MODIFIER=(base) 
TERM_SESSION_ID=E94898EE-281F-4D62-B42D-4D38CDB5829B
USER=rcmurray
CONDA_EXE=/Users/rcmurray/opt/miniconda3/bin/conda
SSH_AUTH_SOCK=/private/tmp/com.apple.launchd.Mx5WJvK3wu/Listeners
_CE_CONDA=
PATH=/Users/rcmurray/opt/miniconda3/bin:/Users/rcmurray/opt/miniconda3/condabin:/Users/rcmurray/.jenv/shims:/Users/rcmurray/.jenv/bin:/usr/local/bin:/usr/bin:/bin:/usr/sbin:/sbin:/opt/X11/bin
CONDA_PREFIX=/Users/rcmurray/opt/miniconda3
PWD=/Users/rcmurray/git/DANCEcollaborative/bazaar/lightside
JENV_LOADED=1
JAVA_HOME=/Library/Java/JavaVirtualMachines/adoptopenjdk-8.jdk/Contents/Home
AWS_SECRET_ACCESS_KEY=5heykT+8Z/TQaPtREnxG026Idce28fNdOLWzVBGT
LANG=en_US.UTF-8
XPC_FLAGS=0x0
XPC_SERVICE_NAME=0
_CE_M=
AWS_ACCESS_KEY_ID=AKIAQKDD6XJ4IORCR4W3
SHLVL=2
HOME=/Users/rcmurray
LOGNAME=rcmurray
CONDA_PYTHON_EXE=/Users/rcmurray/opt/miniconda3/bin/python
JENV_SHELL=bash
CONDA_DEFAULT_ENV=base
BYOBU_PREFIX=/usr/local
SECURITYSESSIONID=186aa
_=/usr/bin/env
SHELL=/bin/bash
TMPDIR=/var/folders/r3/g620c7095lx_cx9n34x_8_lm0000gq/T/
Apple_PubSub_Socket_Render=/private/tmp/com.apple.launchd.k3bSnPSHlf/Render
USER=rcmurray
SSH_AUTH_SOCK=/private/tmp/com.apple.launchd.Mx5WJvK3wu/Listeners
__CF_USER_TEXT_ENCODING=0x1F7:0x0:0x0
PATH=/Users/rcmurray/opt/miniconda3/bin:/Users/rcmurray/opt/miniconda3/condabin:/Users/rcmurray/.jenv/shims:/Users/rcmurray/.jenv/bin:/usr/local/bin:/usr/bin:/bin:/usr/sbin:/sbin:/opt/X11/bin
PWD=/Users/rcmurray/git/DANCEcollaborative/bazaar/lightside
JAVA_HOME=/Library/Java/JavaVirtualMachines/adoptopenjdk-8.jdk/Contents/Home
LANG=en_US.UTF-8
JAVA_STARTED_ON_FIRST_THREAD_2461=1
XPC_FLAGS=0x0
APP_ICON_2461=../Resources/Eclipse.icns
XPC_SERVICE_NAME=0
SHLVL=1
HOME=/Users/rcmurray
LOGNAME=rcmurray
SQLITE_EXEMPT_PATH_FROM_VNODE_GUARDS=/Users/rcmurray/Library/WebKit/Databases
_=/usr/bin/env
TERM_PROGRAM=Apple_Terminal
SHELL=/bin/bash
TERM=xterm-256color
TMPDIR=/var/folders/r3/g620c7095lx_cx9n34x_8_lm0000gq/T/
Apple_PubSub_Socket_Render=/private/tmp/com.apple.launchd.k3bSnPSHlf/Render
CONDA_SHLVL=1
TERM_PROGRAM_VERSION=421.2
CONDA_PROMPT_MODIFIER=(base) 
TERM_SESSION_ID=E94898EE-281F-4D62-B42D-4D38CDB5829B
USER=rcmurray
CONDA_EXE=/Users/rcmurray/opt/miniconda3/bin/conda
SSH_AUTH_SOCK=/private/tmp/com.apple.launchd.Mx5WJvK3wu/Listeners
_CE_CONDA=
PATH=/Users/rcmurray/opt/miniconda3/bin:/Users/rcmurray/opt/miniconda3/condabin:/Users/rcmurray/.jenv/shims:/Users/rcmurray/.jenv/bin:/usr/local/bin:/usr/bin:/bin:/usr/sbin:/sbin:/opt/X11/bin
CONDA_PREFIX=/Users/rcmurray/opt/miniconda3
PWD=/Users/rcmurray/git/DANCEcollaborative/bazaar/lightside
JENV_LOADED=1
JAVA_HOME=/Library/Java/JavaVirtualMachines/adoptopenjdk-8.jdk/Contents/Home
AWS_SECRET_ACCESS_KEY=5heykT+8Z/TQaPtREnxG026Idce28fNdOLWzVBGT
LANG=en_US.UTF-8
XPC_FLAGS=0x0
XPC_SERVICE_NAME=0
_CE_M=
AWS_ACCESS_KEY_ID=AKIAQKDD6XJ4IORCR4W3
SHLVL=2
HOME=/Users/rcmurray
LOGNAME=rcmurray
CONDA_PYTHON_EXE=/Users/rcmurray/opt/miniconda3/bin/python
JENV_SHELL=bash
CONDA_DEFAULT_ENV=base
BYOBU_PREFIX=/usr/local
SECURITYSESSIONID=186aa
_=/usr/bin/env
SHELL=/bin/bash
TMPDIR=/var/folders/r3/g620c7095lx_cx9n34x_8_lm0000gq/T/
Apple_PubSub_Socket_Render=/private/tmp/com.apple.launchd.k3bSnPSHlf/Render
USER=rcmurray
SSH_AUTH_SOCK=/private/tmp/com.apple.launchd.Mx5WJvK3wu/Listeners
__CF_USER_TEXT_ENCODING=0x1F7:0x0:0x0
PATH=/Users/rcmurray/opt/miniconda3/bin:/Users/rcmurray/opt/miniconda3/condabin:/Users/rcmurray/.jenv/shims:/Users/rcmurray/.jenv/bin:/usr/local/bin:/usr/bin:/bin:/usr/sbin:/sbin:/opt/X11/bin
PWD=/Users/rcmurray/git/DANCEcollaborative/bazaar/lightside
JAVA_HOME=/Library/Java/JavaVirtualMachines/adoptopenjdk-8.jdk/Contents/Home
LANG=en_US.UTF-8
JAVA_STARTED_ON_FIRST_THREAD_2461=1
XPC_FLAGS=0x0
APP_ICON_2461=../Resources/Eclipse.icns
XPC_SERVICE_NAME=0
SHLVL=1
HOME=/Users/rcmurray
LOGNAME=rcmurray
SQLITE_EXEMPT_PATH_FROM_VNODE_GUARDS=/Users/rcmurray/Library/WebKit/Databases
_=/usr/bin/env
SHELL=/bin/bash
TMPDIR=/var/folders/r3/g620c7095lx_cx9n34x_8_lm0000gq/T/
Apple_PubSub_Socket_Render=/private/tmp/com.apple.launchd.k3bSnPSHlf/Render
USER=rcmurray
SSH_AUTH_SOCK=/private/tmp/com.apple.launchd.Mx5WJvK3wu/Listeners
__CF_USER_TEXT_ENCODING=0x1F7:0x0:0x0
PATH=/Users/rcmurray/opt/miniconda3/bin:/Users/rcmurray/opt/miniconda3/condabin:/Users/rcmurray/.jenv/shims:/Users/rcmurray/.jenv/bin:/usr/local/bin:/usr/bin:/bin:/usr/sbin:/sbin:/opt/X11/bin
PWD=/Users/rcmurray/git/DANCEcollaborative/bazaar/lightside
JAVA_HOME=/Library/Java/JavaVirtualMachines/adoptopenjdk-8.jdk/Contents/Home
LANG=en_US.UTF-8
JAVA_STARTED_ON_FIRST_THREAD_2461=1
XPC_FLAGS=0x0
APP_ICON_2461=../Resources/Eclipse.icns
XPC_SERVICE_NAME=0
SHLVL=1
HOME=/Users/rcmurray
LOGNAME=rcmurray
SQLITE_EXEMPT_PATH_FROM_VNODE_GUARDS=/Users/rcmurray/Library/WebKit/Databases
_=/usr/bin/env
SHELL=/bin/bash
TMPDIR=/var/folders/r3/g620c7095lx_cx9n34x_8_lm0000gq/T/
Apple_PubSub_Socket_Render=/private/tmp/com.apple.launchd.k3bSnPSHlf/Render
USER=rcmurray
SSH_AUTH_SOCK=/private/tmp/com.apple.launchd.Mx5WJvK3wu/Listeners
__CF_USER_TEXT_ENCODING=0x1F7:0x0:0x0
PATH=/Users/rcmurray/opt/miniconda3/bin:/Users/rcmurray/opt/miniconda3/condabin:/Users/rcmurray/.jenv/shims:/Users/rcmurray/.jenv/bin:/usr/local/bin:/usr/bin:/bin:/usr/sbin:/sbin:/opt/X11/bin
PWD=/Users/rcmurray/git/DANCEcollaborative/bazaar/lightside
JAVA_HOME=/Library/Java/JavaVirtualMachines/adoptopenjdk-8.jdk/Contents/Home
LANG=en_US.UTF-8
JAVA_STARTED_ON_FIRST_THREAD_2461=1
XPC_FLAGS=0x0
APP_ICON_2461=../Resources/Eclipse.icns
XPC_SERVICE_NAME=0
SHLVL=1
HOME=/Users/rcmurray
LOGNAME=rcmurray
SQLITE_EXEMPT_PATH_FROM_VNODE_GUARDS=/Users/rcmurray/Library/WebKit/Databases
_=/usr/bin/env
TERM_PROGRAM=Apple_Terminal
SHELL=/bin/bash
TERM=xterm-256color
TMPDIR=/var/folders/r3/g620c7095lx_cx9n34x_8_lm0000gq/T/
Apple_PubSub_Socket_Render=/private/tmp/com.apple.launchd.k3bSnPSHlf/Render
CONDA_SHLVL=1
TERM_PROGRAM_VERSION=421.2
CONDA_PROMPT_MODIFIER=(base) 
TERM_SESSION_ID=E94898EE-281F-4D62-B42D-4D38CDB5829B
USER=rcmurray
CONDA_EXE=/Users/rcmurray/opt/miniconda3/bin/conda
SSH_AUTH_SOCK=/private/tmp/com.apple.launchd.Mx5WJvK3wu/Listeners
_CE_CONDA=
PATH=/Users/rcmurray/opt/miniconda3/bin:/Users/rcmurray/opt/miniconda3/condabin:/Users/rcmurray/.jenv/shims:/Users/rcmurray/.jenv/bin:/usr/local/bin:/usr/bin:/bin:/usr/sbin:/sbin:/opt/X11/bin
CONDA_PREFIX=/Users/rcmurray/opt/miniconda3
PWD=/Users/rcmurray/git/DANCEcollaborative/bazaar/lightside
JENV_LOADED=1
JAVA_HOME=/Library/Java/JavaVirtualMachines/adoptopenjdk-8.jdk/Contents/Home
AWS_SECRET_ACCESS_KEY=5heykT+8Z/TQaPtREnxG026Idce28fNdOLWzVBGT
LANG=en_US.UTF-8
XPC_FLAGS=0x0
XPC_SERVICE_NAME=0
_CE_M=
AWS_ACCESS_KEY_ID=AKIAQKDD6XJ4IORCR4W3
SHLVL=2
HOME=/Users/rcmurray
LOGNAME=rcmurray
CONDA_PYTHON_EXE=/Users/rcmurray/opt/miniconda3/bin/python
JENV_SHELL=bash
CONDA_DEFAULT_ENV=base
BYOBU_PREFIX=/usr/local
SECURITYSESSIONID=186aa
_=/usr/bin/env
SHELL=/bin/bash
TMPDIR=/var/folders/r3/g620c7095lx_cx9n34x_8_lm0000gq/T/
Apple_PubSub_Socket_Render=/private/tmp/com.apple.launchd.k3bSnPSHlf/Render
USER=rcmurray
SSH_AUTH_SOCK=/private/tmp/com.apple.launchd.Mx5WJvK3wu/Listeners
__CF_USER_TEXT_ENCODING=0x1F7:0x0:0x0
PATH=/Users/rcmurray/opt/miniconda3/bin:/Users/rcmurray/opt/miniconda3/condabin:/Users/rcmurray/.jenv/shims:/Users/rcmurray/.jenv/bin:/usr/local/bin:/usr/bin:/bin:/usr/sbin:/sbin:/opt/X11/bin
PWD=/Users/rcmurray/git/DANCEcollaborative/bazaar/lightside
JAVA_HOME=/Library/Java/JavaVirtualMachines/adoptopenjdk-8.jdk/Contents/Home
LANG=en_US.UTF-8
JAVA_STARTED_ON_FIRST_THREAD_2461=1
XPC_FLAGS=0x0
APP_ICON_2461=../Resources/Eclipse.icns
XPC_SERVICE_NAME=0
SHLVL=1
HOME=/Users/rcmurray
LOGNAME=rcmurray
SQLITE_EXEMPT_PATH_FROM_VNODE_GUARDS=/Users/rcmurray/Library/WebKit/Databases
_=/usr/bin/env
SHELL=/bin/bash
TMPDIR=/var/folders/r3/g620c7095lx_cx9n34x_8_lm0000gq/T/
Apple_PubSub_Socket_Render=/private/tmp/com.apple.launchd.k3bSnPSHlf/Render
USER=rcmurray
SSH_AUTH_SOCK=/private/tmp/com.apple.launchd.Mx5WJvK3wu/Listeners
__CF_USER_TEXT_ENCODING=0x1F7:0x0:0x0
PATH=/Users/rcmurray/opt/miniconda3/bin:/Users/rcmurray/opt/miniconda3/condabin:/Users/rcmurray/.jenv/shims:/Users/rcmurray/.jenv/bin:/usr/local/bin:/usr/bin:/bin:/usr/sbin:/sbin:/opt/X11/bin
PWD=/Users/rcmurray/git/DANCEcollaborative/bazaar/lightside
JAVA_HOME=/Library/Java/JavaVirtualMachines/adoptopenjdk-8.jdk/Contents/Home
LANG=en_US.UTF-8
JAVA_STARTED_ON_FIRST_THREAD_2461=1
XPC_FLAGS=0x0
APP_ICON_2461=../Resources/Eclipse.icns
XPC_SERVICE_NAME=0
SHLVL=1
HOME=/Users/rcmurray
LOGNAME=rcmurray
SQLITE_EXEMPT_PATH_FROM_VNODE_GUARDS=/Users/rcmurray/Library/WebKit/Databases
_=/usr/bin/env
SHELL=/bin/bash
TMPDIR=/var/folders/r3/g620c7095lx_cx9n34x_8_lm0000gq/T/
Apple_PubSub_Socket_Render=/private/tmp/com.apple.launchd.k3bSnPSHlf/Render
USER=rcmurray
SSH_AUTH_SOCK=/private/tmp/com.apple.launchd.Mx5WJvK3wu/Listeners
__CF_USER_TEXT_ENCODING=0x1F7:0x0:0x0
PATH=/Users/rcmurray/opt/miniconda3/bin:/Users/rcmurray/opt/miniconda3/condabin:/Users/rcmurray/.jenv/shims:/Users/rcmurray/.jenv/bin:/usr/local/bin:/usr/bin:/bin:/usr/sbin:/sbin:/opt/X11/bin
PWD=/Users/rcmurray/git/DANCEcollaborative/bazaar/lightside
JAVA_HOME=/Library/Java/JavaVirtualMachines/adoptopenjdk-8.jdk/Contents/Home
LANG=en_US.UTF-8
JAVA_STARTED_ON_FIRST_THREAD_2461=1
XPC_FLAGS=0x0
APP_ICON_2461=../Resources/Eclipse.icns
XPC_SERVICE_NAME=0
SHLVL=1
HOME=/Users/rcmurray
LOGNAME=rcmurray
SQLITE_EXEMPT_PATH_FROM_VNODE_GUARDS=/Users/rcmurray/Library/WebKit/Databases
_=/usr/bin/env
SHELL=/bin/bash
TMPDIR=/var/folders/r3/g620c7095lx_cx9n34x_8_lm0000gq/T/
Apple_PubSub_Socket_Render=/private/tmp/com.apple.launchd.k3bSnPSHlf/Render
USER=rcmurray
SSH_AUTH_SOCK=/private/tmp/com.apple.launchd.Mx5WJvK3wu/Listeners
__CF_USER_TEXT_ENCODING=0x1F7:0x0:0x0
PATH=/Users/rcmurray/opt/miniconda3/bin:/Users/rcmurray/opt/miniconda3/condabin:/Users/rcmurray/.jenv/shims:/Users/rcmurray/.jenv/bin:/usr/local/bin:/usr/bin:/bin:/usr/sbin:/sbin:/opt/X11/bin
PWD=/Users/rcmurray/git/DANCEcollaborative/bazaar/lightside
JAVA_HOME=/Library/Java/JavaVirtualMachines/adoptopenjdk-8.jdk/Contents/Home
LANG=en_US.UTF-8
JAVA_STARTED_ON_FIRST_THREAD_2461=1
XPC_FLAGS=0x0
APP_ICON_2461=../Resources/Eclipse.icns
XPC_SERVICE_NAME=0
SHLVL=1
HOME=/Users/rcmurray
LOGNAME=rcmurray
SQLITE_EXEMPT_PATH_FROM_VNODE_GUARDS=/Users/rcmurray/Library/WebKit/Databases
_=/usr/bin/env
SHELL=/bin/bash
TMPDIR=/var/folders/r3/g620c7095lx_cx9n34x_8_lm0000gq/T/
Apple_PubSub_Socket_Render=/private/tmp/com.apple.launchd.k3bSnPSHlf/Render
USER=rcmurray
SSH_AUTH_SOCK=/private/tmp/com.apple.launchd.Mx5WJvK3wu/Listeners
__CF_USER_TEXT_ENCODING=0x1F7:0x0:0x0
PATH=/Users/rcmurray/opt/miniconda3/bin:/Users/rcmurray/opt/miniconda3/condabin:/Users/rcmurray/.jenv/shims:/Users/rcmurray/.jenv/bin:/usr/local/bin:/usr/bin:/bin:/usr/sbin:/sbin:/opt/X11/bin
PWD=/Users/rcmurray/git/DANCEcollaborative/bazaar/lightside
JAVA_HOME=/Library/Java/JavaVirtualMachines/adoptopenjdk-8.jdk/Contents/Home
LANG=en_US.UTF-8
JAVA_STARTED_ON_FIRST_THREAD_2461=1
XPC_FLAGS=0x0
APP_ICON_2461=../Resources/Eclipse.icns
XPC_SERVICE_NAME=0
SHLVL=1
HOME=/Users/rcmurray
LOGNAME=rcmurray
SQLITE_EXEMPT_PATH_FROM_VNODE_GUARDS=/Users/rcmurray/Library/WebKit/Databases
_=/usr/bin/env
TERM_PROGRAM=Apple_Terminal
SHELL=/bin/bash
TERM=xterm-256color
TMPDIR=/var/folders/r3/g620c7095lx_cx9n34x_8_lm0000gq/T/
Apple_PubSub_Socket_Render=/private/tmp/com.apple.launchd.k3bSnPSHlf/Render
CONDA_SHLVL=1
TERM_PROGRAM_VERSION=421.2
CONDA_PROMPT_MODIFIER=(base) 
TERM_SESSION_ID=E94898EE-281F-4D62-B42D-4D38CDB5829B
USER=rcmurray
CONDA_EXE=/Users/rcmurray/opt/miniconda3/bin/conda
SSH_AUTH_SOCK=/private/tmp/com.apple.launchd.Mx5WJvK3wu/Listeners
_CE_CONDA=
PATH=/Users/rcmurray/opt/miniconda3/bin:/Users/rcmurray/opt/miniconda3/condabin:/Users/rcmurray/.jenv/shims:/Users/rcmurray/.jenv/bin:/usr/local/bin:/usr/bin:/bin:/usr/sbin:/sbin:/opt/X11/bin
CONDA_PREFIX=/Users/rcmurray/opt/miniconda3
PWD=/Users/rcmurray/git/DANCEcollaborative/bazaar/lightside
JENV_LOADED=1
JAVA_HOME=/Library/Java/JavaVirtualMachines/adoptopenjdk-8.jdk/Contents/Home
AWS_SECRET_ACCESS_KEY=5heykT+8Z/TQaPtREnxG026Idce28fNdOLWzVBGT
LANG=en_US.UTF-8
XPC_FLAGS=0x0
XPC_SERVICE_NAME=0
_CE_M=
AWS_ACCESS_KEY_ID=AKIAQKDD6XJ4IORCR4W3
SHLVL=2
HOME=/Users/rcmurray
LOGNAME=rcmurray
CONDA_PYTHON_EXE=/Users/rcmurray/opt/miniconda3/bin/python
JENV_SHELL=bash
CONDA_DEFAULT_ENV=base
BYOBU_PREFIX=/usr/local
SECURITYSESSIONID=186aa
_=/usr/bin/env
SHELL=/bin/bash
TMPDIR=/var/folders/r3/g620c7095lx_cx9n34x_8_lm0000gq/T/
Apple_PubSub_Socket_Render=/private/tmp/com.apple.launchd.k3bSnPSHlf/Render
USER=rcmurray
SSH_AUTH_SOCK=/private/tmp/com.apple.launchd.Mx5WJvK3wu/Listeners
__CF_USER_TEXT_ENCODING=0x1F7:0x0:0x0
PATH=/Users/rcmurray/opt/miniconda3/bin:/Users/rcmurray/opt/miniconda3/condabin:/Users/rcmurray/.jenv/shims:/Users/rcmurray/.jenv/bin:/usr/local/bin:/usr/bin:/bin:/usr/sbin:/sbin:/opt/X11/bin
PWD=/Users/rcmurray/git/DANCEcollaborative/bazaar/lightside
JAVA_HOME=/Library/Java/JavaVirtualMachines/adoptopenjdk-8.jdk/Contents/Home
LANG=en_US.UTF-8
JAVA_STARTED_ON_FIRST_THREAD_2461=1
XPC_FLAGS=0x0
APP_ICON_2461=../Resources/Eclipse.icns
XPC_SERVICE_NAME=0
SHLVL=1
HOME=/Users/rcmurray
LOGNAME=rcmurray
SQLITE_EXEMPT_PATH_FROM_VNODE_GUARDS=/Users/rcmurray/Library/WebKit/Databases
_=/usr/bin/env
SHELL=/bin/bash
TMPDIR=/var/folders/r3/g620c7095lx_cx9n34x_8_lm0000gq/T/
Apple_PubSub_Socket_Render=/private/tmp/com.apple.launchd.k3bSnPSHlf/Render
USER=rcmurray
SSH_AUTH_SOCK=/private/tmp/com.apple.launchd.Mx5WJvK3wu/Listeners
__CF_USER_TEXT_ENCODING=0x1F7:0x0:0x0
PATH=/Users/rcmurray/opt/miniconda3/bin:/Users/rcmurray/opt/miniconda3/condabin:/Users/rcmurray/.jenv/shims:/Users/rcmurray/.jenv/bin:/usr/local/bin:/usr/bin:/bin:/usr/sbin:/sbin:/opt/X11/bin
PWD=/Users/rcmurray/git/DANCEcollaborative/bazaar/lightside
JAVA_HOME=/Library/Java/JavaVirtualMachines/adoptopenjdk-8.jdk/Contents/Home
LANG=en_US.UTF-8
JAVA_STARTED_ON_FIRST_THREAD_2461=1
XPC_FLAGS=0x0
APP_ICON_2461=../Resources/Eclipse.icns
XPC_SERVICE_NAME=0
SHLVL=1
HOME=/Users/rcmurray
LOGNAME=rcmurray
SQLITE_EXEMPT_PATH_FROM_VNODE_GUARDS=/Users/rcmurray/Library/WebKit/Databases
_=/usr/bin/env
TERM_PROGRAM=Apple_Terminal
SHELL=/bin/bash
TERM=xterm-256color
TMPDIR=/var/folders/r3/g620c7095lx_cx9n34x_8_lm0000gq/T/
Apple_PubSub_Socket_Render=/private/tmp/com.apple.launchd.k3bSnPSHlf/Render
CONDA_SHLVL=1
TERM_PROGRAM_VERSION=421.2
CONDA_PROMPT_MODIFIER=(base) 
TERM_SESSION_ID=E94898EE-281F-4D62-B42D-4D38CDB5829B
USER=rcmurray
CONDA_EXE=/Users/rcmurray/opt/miniconda3/bin/conda
SSH_AUTH_SOCK=/private/tmp/com.apple.launchd.Mx5WJvK3wu/Listeners
_CE_CONDA=
PATH=/Users/rcmurray/opt/miniconda3/bin:/Users/rcmurray/opt/miniconda3/condabin:/Users/rcmurray/.jenv/shims:/Users/rcmurray/.jenv/bin:/usr/local/bin:/usr/bin:/bin:/usr/sbin:/sbin:/opt/X11/bin
CONDA_PREFIX=/Users/rcmurray/opt/miniconda3
PWD=/Users/rcmurray/git/DANCEcollaborative/bazaar/lightside
JENV_LOADED=1
JAVA_HOME=/Library/Java/JavaVirtualMachines/adoptopenjdk-8.jdk/Contents/Home
AWS_SECRET_ACCESS_KEY=5heykT+8Z/TQaPtREnxG026Idce28fNdOLWzVBGT
LANG=en_US.UTF-8
XPC_FLAGS=0x0
XPC_SERVICE_NAME=0
_CE_M=
AWS_ACCESS_KEY_ID=AKIAQKDD6XJ4IORCR4W3
SHLVL=2
HOME=/Users/rcmurray
LOGNAME=rcmurray
CONDA_PYTHON_EXE=/Users/rcmurray/opt/miniconda3/bin/python
JENV_SHELL=bash
CONDA_DEFAULT_ENV=base
BYOBU_PREFIX=/usr/local
SECURITYSESSIONID=186aa
_=/usr/bin/env
SHELL=/bin/bash
TMPDIR=/var/folders/r3/g620c7095lx_cx9n34x_8_lm0000gq/T/
Apple_PubSub_Socket_Render=/private/tmp/com.apple.launchd.k3bSnPSHlf/Render
USER=rcmurray
SSH_AUTH_SOCK=/private/tmp/com.apple.launchd.Mx5WJvK3wu/Listeners
__CF_USER_TEXT_ENCODING=0x1F7:0x0:0x0
PATH=/Users/rcmurray/opt/miniconda3/bin:/Users/rcmurray/opt/miniconda3/condabin:/Users/rcmurray/.jenv/shims:/Users/rcmurray/.jenv/bin:/usr/local/bin:/usr/bin:/bin:/usr/sbin:/sbin:/opt/X11/bin
PWD=/Users/rcmurray/git/DANCEcollaborative/bazaar/lightside
JAVA_HOME=/Library/Java/JavaVirtualMachines/adoptopenjdk-8.jdk/Contents/Home
LANG=en_US.UTF-8
JAVA_STARTED_ON_FIRST_THREAD_2461=1
XPC_FLAGS=0x0
APP_ICON_2461=../Resources/Eclipse.icns
XPC_SERVICE_NAME=0
SHLVL=1
HOME=/Users/rcmurray
LOGNAME=rcmurray
SQLITE_EXEMPT_PATH_FROM_VNODE_GUARDS=/Users/rcmurray/Library/WebKit/Databases
_=/usr/bin/env
SHELL=/bin/bash
TMPDIR=/var/folders/r3/g620c7095lx_cx9n34x_8_lm0000gq/T/
Apple_PubSub_Socket_Render=/private/tmp/com.apple.launchd.k3bSnPSHlf/Render
USER=rcmurray
SSH_AUTH_SOCK=/private/tmp/com.apple.launchd.Mx5WJvK3wu/Listeners
__CF_USER_TEXT_ENCODING=0x1F7:0x0:0x0
PATH=/Users/rcmurray/opt/miniconda3/bin:/Users/rcmurray/opt/miniconda3/condabin:/Users/rcmurray/.jenv/shims:/Users/rcmurray/.jenv/bin:/usr/local/bin:/usr/bin:/bin:/usr/sbin:/sbin:/opt/X11/bin
PWD=/Users/rcmurray/git/DANCEcollaborative/bazaar/lightside
JAVA_HOME=/Library/Java/JavaVirtualMachines/adoptopenjdk-8.jdk/Contents/Home
LANG=en_US.UTF-8
JAVA_STARTED_ON_FIRST_THREAD_2461=1
XPC_FLAGS=0x0
APP_ICON_2461=../Resources/Eclipse.icns
XPC_SERVICE_NAME=0
SHLVL=1
HOME=/Users/rcmurray
LOGNAME=rcmurray
SQLITE_EXEMPT_PATH_FROM_VNODE_GUARDS=/Users/rcmurray/Library/WebKit/Databases
_=/usr/bin/env
SHELL=/bin/bash
TMPDIR=/var/folders/r3/g620c7095lx_cx9n34x_8_lm0000gq/T/
Apple_PubSub_Socket_Render=/private/tmp/com.apple.launchd.k3bSnPSHlf/Render
USER=rcmurray
SSH_AUTH_SOCK=/private/tmp/com.apple.launchd.Mx5WJvK3wu/Listeners
__CF_USER_TEXT_ENCODING=0x1F7:0x0:0x0
PATH=/Users/rcmurray/opt/miniconda3/bin:/Users/rcmurray/opt/miniconda3/condabin:/Users/rcmurray/.jenv/shims:/Users/rcmurray/.jenv/bin:/usr/local/bin:/usr/bin:/bin:/usr/sbin:/sbin:/opt/X11/bin
PWD=/Users/rcmurray/git/DANCEcollaborative/bazaar/lightside
JAVA_HOME=/Library/Java/JavaVirtualMachines/adoptopenjdk-8.jdk/Contents/Home
LANG=en_US.UTF-8
JAVA_STARTED_ON_FIRST_THREAD_2461=1
XPC_FLAGS=0x0
APP_ICON_2461=../Resources/Eclipse.icns
XPC_SERVICE_NAME=0
SHLVL=1
HOME=/Users/rcmurray
LOGNAME=rcmurray
SQLITE_EXEMPT_PATH_FROM_VNODE_GUARDS=/Users/rcmurray/Library/WebKit/Databases
_=/usr/bin/env
SHELL=/bin/bash
TMPDIR=/var/folders/r3/g620c7095lx_cx9n34x_8_lm0000gq/T/
Apple_PubSub_Socket_Render=/private/tmp/com.apple.launchd.k3bSnPSHlf/Render
USER=rcmurray
SSH_AUTH_SOCK=/private/tmp/com.apple.launchd.Mx5WJvK3wu/Listeners
__CF_USER_TEXT_ENCODING=0x1F7:0x0:0x0
PATH=/Users/rcmurray/opt/miniconda3/bin:/Users/rcmurray/opt/miniconda3/condabin:/Users/rcmurray/.jenv/shims:/Users/rcmurray/.jenv/bin:/usr/local/bin:/usr/bin:/bin:/usr/sbin:/sbin:/opt/X11/bin
PWD=/Users/rcmurray/git/DANCEcollaborative/bazaar/lightside
JAVA_HOME=/Library/Java/JavaVirtualMachines/adoptopenjdk-8.jdk/Contents/Home
LANG=en_US.UTF-8
JAVA_STARTED_ON_FIRST_THREAD_2461=1
XPC_FLAGS=0x0
APP_ICON_2461=../Resources/Eclipse.icns
XPC_SERVICE_NAME=0
SHLVL=1
HOME=/Users/rcmurray
LOGNAME=rcmurray
SQLITE_EXEMPT_PATH_FROM_VNODE_GUARDS=/Users/rcmurray/Library/WebKit/Databases
_=/usr/bin/env
SHELL=/bin/bash
TMPDIR=/var/folders/r3/g620c7095lx_cx9n34x_8_lm0000gq/T/
Apple_PubSub_Socket_Render=/private/tmp/com.apple.launchd.k3bSnPSHlf/Render
USER=rcmurray
SSH_AUTH_SOCK=/private/tmp/com.apple.launchd.Mx5WJvK3wu/Listeners
__CF_USER_TEXT_ENCODING=0x1F7:0x0:0x0
PATH=/Users/rcmurray/opt/miniconda3/bin:/Users/rcmurray/opt/miniconda3/condabin:/Users/rcmurray/.jenv/shims:/Users/rcmurray/.jenv/bin:/usr/local/bin:/usr/bin:/bin:/usr/sbin:/sbin:/opt/X11/bin
PWD=/Users/rcmurray/git/DANCEcollaborative/bazaar/lightside
JAVA_HOME=/Library/Java/JavaVirtualMachines/adoptopenjdk-8.jdk/Contents/Home
LANG=en_US.UTF-8
JAVA_STARTED_ON_FIRST_THREAD_2461=1
XPC_FLAGS=0x0
APP_ICON_2461=../Resources/Eclipse.icns
XPC_SERVICE_NAME=0
SHLVL=1
HOME=/Users/rcmurray
LOGNAME=rcmurray
SQLITE_EXEMPT_PATH_FROM_VNODE_GUARDS=/Users/rcmurray/Library/WebKit/Databases
_=/usr/bin/env
SHELL=/bin/bash
TMPDIR=/var/folders/r3/g620c7095lx_cx9n34x_8_lm0000gq/T/
Apple_PubSub_Socket_Render=/private/tmp/com.apple.launchd.k3bSnPSHlf/Render
USER=rcmurray
SSH_AUTH_SOCK=/private/tmp/com.apple.launchd.Mx5WJvK3wu/Listeners
__CF_USER_TEXT_ENCODING=0x1F7:0x0:0x0
PATH=/Users/rcmurray/opt/miniconda3/bin:/Users/rcmurray/opt/miniconda3/condabin:/Users/rcmurray/.jenv/shims:/Users/rcmurray/.jenv/bin:/usr/local/bin:/usr/bin:/bin:/usr/sbin:/sbin:/opt/X11/bin
PWD=/Users/rcmurray/git/DANCEcollaborative/bazaar/lightside
JAVA_HOME=/Library/Java/JavaVirtualMachines/adoptopenjdk-8.jdk/Contents/Home
LANG=en_US.UTF-8
JAVA_STARTED_ON_FIRST_THREAD_2461=1
XPC_FLAGS=0x0
APP_ICON_2461=../Resources/Eclipse.icns
XPC_SERVICE_NAME=0
SHLVL=1
HOME=/Users/rcmurray
LOGNAME=rcmurray
SQLITE_EXEMPT_PATH_FROM_VNODE_GUARDS=/Users/rcmurray/Library/WebKit/Databases
_=/usr/bin/env
SHELL=/bin/bash
TMPDIR=/var/folders/r3/g620c7095lx_cx9n34x_8_lm0000gq/T/
Apple_PubSub_Socket_Render=/private/tmp/com.apple.launchd.k3bSnPSHlf/Render
USER=rcmurray
SSH_AUTH_SOCK=/private/tmp/com.apple.launchd.Mx5WJvK3wu/Listeners
__CF_USER_TEXT_ENCODING=0x1F7:0x0:0x0
PATH=/Users/rcmurray/opt/miniconda3/bin:/Users/rcmurray/opt/miniconda3/condabin:/Users/rcmurray/.jenv/shims:/Users/rcmurray/.jenv/bin:/usr/local/bin:/usr/bin:/bin:/usr/sbin:/sbin:/opt/X11/bin
PWD=/Users/rcmurray/git/DANCEcollaborative/bazaar/lightside
JAVA_HOME=/Library/Java/JavaVirtualMachines/adoptopenjdk-8.jdk/Contents/Home
LANG=en_US.UTF-8
JAVA_STARTED_ON_FIRST_THREAD_2461=1
XPC_FLAGS=0x0
APP_ICON_2461=../Resources/Eclipse.icns
XPC_SERVICE_NAME=0
SHLVL=1
HOME=/Users/rcmurray
LOGNAME=rcmurray
SQLITE_EXEMPT_PATH_FROM_VNODE_GUARDS=/Users/rcmurray/Library/WebKit/Databases
_=/usr/bin/env
SHELL=/bin/bash
TMPDIR=/var/folders/r3/g620c7095lx_cx9n34x_8_lm0000gq/T/
Apple_PubSub_Socket_Render=/private/tmp/com.apple.launchd.k3bSnPSHlf/Render
USER=rcmurray
SSH_AUTH_SOCK=/private/tmp/com.apple.launchd.Mx5WJvK3wu/Listeners
__CF_USER_TEXT_ENCODING=0x1F7:0x0:0x0
PATH=/Users/rcmurray/opt/miniconda3/bin:/Users/rcmurray/opt/miniconda3/condabin:/Users/rcmurray/.jenv/shims:/Users/rcmurray/.jenv/bin:/usr/local/bin:/usr/bin:/bin:/usr/sbin:/sbin:/opt/X11/bin
PWD=/Users/rcmurray/git/DANCEcollaborative/bazaar/lightside
JAVA_HOME=/Library/Java/JavaVirtualMachines/adoptopenjdk-8.jdk/Contents/Home
LANG=en_US.UTF-8
JAVA_STARTED_ON_FIRST_THREAD_2461=1
XPC_FLAGS=0x0
APP_ICON_2461=../Resources/Eclipse.icns
XPC_SERVICE_NAME=0
SHLVL=1
HOME=/Users/rcmurray
LOGNAME=rcmurray
SQLITE_EXEMPT_PATH_FROM_VNODE_GUARDS=/Users/rcmurray/Library/WebKit/Databases
_=/usr/bin/env
SHELL=/bin/bash
TMPDIR=/var/folders/r3/g620c7095lx_cx9n34x_8_lm0000gq/T/
Apple_PubSub_Socket_Render=/private/tmp/com.apple.launchd.k3bSnPSHlf/Render
USER=rcmurray
SSH_AUTH_SOCK=/private/tmp/com.apple.launchd.Mx5WJvK3wu/Listeners
__CF_USER_TEXT_ENCODING=0x1F7:0x0:0x0
PATH=/Users/rcmurray/opt/miniconda3/bin:/Users/rcmurray/opt/miniconda3/condabin:/Users/rcmurray/.jenv/shims:/Users/rcmurray/.jenv/bin:/usr/local/bin:/usr/bin:/bin:/usr/sbin:/sbin:/opt/X11/bin
PWD=/Users/rcmurray/git/DANCEcollaborative/bazaar/lightside
JAVA_HOME=/Library/Java/JavaVirtualMachines/adoptopenjdk-8.jdk/Contents/Home
LANG=en_US.UTF-8
JAVA_STARTED_ON_FIRST_THREAD_2461=1
XPC_FLAGS=0x0
APP_ICON_2461=../Resources/Eclipse.icns
XPC_SERVICE_NAME=0
SHLVL=1
HOME=/Users/rcmurray
LOGNAME=rcmurray
SQLITE_EXEMPT_PATH_FROM_VNODE_GUARDS=/Users/rcmurray/Library/WebKit/Databases
_=/usr/bin/env
SHELL=/bin/bash
TMPDIR=/var/folders/r3/g620c7095lx_cx9n34x_8_lm0000gq/T/
Apple_PubSub_Socket_Render=/private/tmp/com.apple.launchd.k3bSnPSHlf/Render
USER=rcmurray
SSH_AUTH_SOCK=/private/tmp/com.apple.launchd.Mx5WJvK3wu/Listeners
__CF_USER_TEXT_ENCODING=0x1F7:0x0:0x0
PATH=/Users/rcmurray/opt/miniconda3/bin:/Users/rcmurray/opt/miniconda3/condabin:/Users/rcmurray/.jenv/shims:/Users/rcmurray/.jenv/bin:/usr/local/bin:/usr/bin:/bin:/usr/sbin:/sbin:/opt/X11/bin
PWD=/Users/rcmurray/git/DANCEcollaborative/bazaar/lightside
JAVA_HOME=/Library/Java/JavaVirtualMachines/adoptopenjdk-8.jdk/Contents/Home
LANG=en_US.UTF-8
JAVA_STARTED_ON_FIRST_THREAD_2461=1
XPC_FLAGS=0x0
APP_ICON_2461=../Resources/Eclipse.icns
XPC_SERVICE_NAME=0
SHLVL=1
HOME=/Users/rcmurray
LOGNAME=rcmurray
SQLITE_EXEMPT_PATH_FROM_VNODE_GUARDS=/Users/rcmurray/Library/WebKit/Databases
_=/usr/bin/env
SHELL=/bin/bash
TMPDIR=/var/folders/r3/g620c7095lx_cx9n34x_8_lm0000gq/T/
Apple_PubSub_Socket_Render=/private/tmp/com.apple.launchd.k3bSnPSHlf/Render
USER=rcmurray
SSH_AUTH_SOCK=/private/tmp/com.apple.launchd.Mx5WJvK3wu/Listeners
__CF_USER_TEXT_ENCODING=0x1F7:0x0:0x0
PATH=/Users/rcmurray/opt/miniconda3/bin:/Users/rcmurray/opt/miniconda3/condabin:/Users/rcmurray/.jenv/shims:/Users/rcmurray/.jenv/bin:/usr/local/bin:/usr/bin:/bin:/usr/sbin:/sbin:/opt/X11/bin
PWD=/Users/rcmurray/git/DANCEcollaborative/bazaar/lightside
JAVA_HOME=/Library/Java/JavaVirtualMachines/adoptopenjdk-8.jdk/Contents/Home
LANG=en_US.UTF-8
JAVA_STARTED_ON_FIRST_THREAD_2461=1
XPC_FLAGS=0x0
APP_ICON_2461=../Resources/Eclipse.icns
XPC_SERVICE_NAME=0
SHLVL=1
HOME=/Users/rcmurray
LOGNAME=rcmurray
SQLITE_EXEMPT_PATH_FROM_VNODE_GUARDS=/Users/rcmurray/Library/WebKit/Databases
_=/usr/bin/env
SHELL=/bin/bash
TMPDIR=/var/folders/r3/g620c7095lx_cx9n34x_8_lm0000gq/T/
Apple_PubSub_Socket_Render=/private/tmp/com.apple.launchd.k3bSnPSHlf/Render
USER=rcmurray
SSH_AUTH_SOCK=/private/tmp/com.apple.launchd.Mx5WJvK3wu/Listeners
__CF_USER_TEXT_ENCODING=0x1F7:0x0:0x0
PATH=/Users/rcmurray/opt/miniconda3/bin:/Users/rcmurray/opt/miniconda3/condabin:/Users/rcmurray/.jenv/shims:/Users/rcmurray/.jenv/bin:/usr/local/bin:/usr/bin:/bin:/usr/sbin:/sbin:/opt/X11/bin
PWD=/Users/rcmurray/git/DANCEcollaborative/bazaar/lightside
JAVA_HOME=/Library/Java/JavaVirtualMachines/adoptopenjdk-8.jdk/Contents/Home
LANG=en_US.UTF-8
JAVA_STARTED_ON_FIRST_THREAD_2461=1
XPC_FLAGS=0x0
APP_ICON_2461=../Resources/Eclipse.icns
XPC_SERVICE_NAME=0
SHLVL=1
HOME=/Users/rcmurray
LOGNAME=rcmurray
SQLITE_EXEMPT_PATH_FROM_VNODE_GUARDS=/Users/rcmurray/Library/WebKit/Databases
_=/usr/bin/env
SHELL=/bin/bash
TMPDIR=/var/folders/r3/g620c7095lx_cx9n34x_8_lm0000gq/T/
Apple_PubSub_Socket_Render=/private/tmp/com.apple.launchd.k3bSnPSHlf/Render
USER=rcmurray
SSH_AUTH_SOCK=/private/tmp/com.apple.launchd.Mx5WJvK3wu/Listeners
__CF_USER_TEXT_ENCODING=0x1F7:0x0:0x0
PATH=/Users/rcmurray/opt/miniconda3/bin:/Users/rcmurray/opt/miniconda3/condabin:/Users/rcmurray/.jenv/shims:/Users/rcmurray/.jenv/bin:/usr/local/bin:/usr/bin:/bin:/usr/sbin:/sbin:/opt/X11/bin
PWD=/Users/rcmurray/git/DANCEcollaborative/bazaar/lightside
JAVA_HOME=/Library/Java/JavaVirtualMachines/adoptopenjdk-8.jdk/Contents/Home
LANG=en_US.UTF-8
JAVA_STARTED_ON_FIRST_THREAD_2461=1
XPC_FLAGS=0x0
APP_ICON_2461=../Resources/Eclipse.icns
XPC_SERVICE_NAME=0
SHLVL=1
HOME=/Users/rcmurray
LOGNAME=rcmurray
SQLITE_EXEMPT_PATH_FROM_VNODE_GUARDS=/Users/rcmurray/Library/WebKit/Databases
_=/usr/bin/env
SHELL=/bin/bash
TMPDIR=/var/folders/r3/g620c7095lx_cx9n34x_8_lm0000gq/T/
Apple_PubSub_Socket_Render=/private/tmp/com.apple.launchd.k3bSnPSHlf/Render
USER=rcmurray
SSH_AUTH_SOCK=/private/tmp/com.apple.launchd.Mx5WJvK3wu/Listeners
__CF_USER_TEXT_ENCODING=0x1F7:0x0:0x0
PATH=/Users/rcmurray/opt/miniconda3/bin:/Users/rcmurray/opt/miniconda3/condabin:/Users/rcmurray/.jenv/shims:/Users/rcmurray/.jenv/bin:/usr/local/bin:/usr/bin:/bin:/usr/sbin:/sbin:/opt/X11/bin
PWD=/Users/rcmurray/git/DANCEcollaborative/bazaar/lightside
JAVA_HOME=/Library/Java/JavaVirtualMachines/adoptopenjdk-8.jdk/Contents/Home
LANG=en_US.UTF-8
JAVA_STARTED_ON_FIRST_THREAD_2461=1
XPC_FLAGS=0x0
APP_ICON_2461=../Resources/Eclipse.icns
XPC_SERVICE_NAME=0
SHLVL=1
HOME=/Users/rcmurray
LOGNAME=rcmurray
SQLITE_EXEMPT_PATH_FROM_VNODE_GUARDS=/Users/rcmurray/Library/WebKit/Databases
_=/usr/bin/env
SHELL=/bin/bash
TMPDIR=/var/folders/r3/g620c7095lx_cx9n34x_8_lm0000gq/T/
Apple_PubSub_Socket_Render=/private/tmp/com.apple.launchd.k3bSnPSHlf/Render
USER=rcmurray
SSH_AUTH_SOCK=/private/tmp/com.apple.launchd.Mx5WJvK3wu/Listeners
__CF_USER_TEXT_ENCODING=0x1F7:0x0:0x0
PATH=/Users/rcmurray/opt/miniconda3/bin:/Users/rcmurray/opt/miniconda3/condabin:/Users/rcmurray/.jenv/shims:/Users/rcmurray/.jenv/bin:/usr/local/bin:/usr/bin:/bin:/usr/sbin:/sbin:/opt/X11/bin
PWD=/Users/rcmurray/git/DANCEcollaborative/bazaar/lightside
JAVA_HOME=/Library/Java/JavaVirtualMachines/adoptopenjdk-8.jdk/Contents/Home
LANG=en_US.UTF-8
JAVA_STARTED_ON_FIRST_THREAD_2461=1
XPC_FLAGS=0x0
APP_ICON_2461=../Resources/Eclipse.icns
XPC_SERVICE_NAME=0
SHLVL=1
HOME=/Users/rcmurray
LOGNAME=rcmurray
SQLITE_EXEMPT_PATH_FROM_VNODE_GUARDS=/Users/rcmurray/Library/WebKit/Databases
_=/usr/bin/env
SHELL=/bin/bash
TMPDIR=/var/folders/r3/g620c7095lx_cx9n34x_8_lm0000gq/T/
Apple_PubSub_Socket_Render=/private/tmp/com.apple.launchd.k3bSnPSHlf/Render
USER=rcmurray
SSH_AUTH_SOCK=/private/tmp/com.apple.launchd.Mx5WJvK3wu/Listeners
__CF_USER_TEXT_ENCODING=0x1F7:0x0:0x0
PATH=/Users/rcmurray/opt/miniconda3/bin:/Users/rcmurray/opt/miniconda3/condabin:/Users/rcmurray/.jenv/shims:/Users/rcmurray/.jenv/bin:/usr/local/bin:/usr/bin:/bin:/usr/sbin:/sbin:/opt/X11/bin
PWD=/Users/rcmurray/git/DANCEcollaborative/bazaar/lightside
JAVA_HOME=/Library/Java/JavaVirtualMachines/adoptopenjdk-8.jdk/Contents/Home
LANG=en_US.UTF-8
JAVA_STARTED_ON_FIRST_THREAD_2461=1
XPC_FLAGS=0x0
APP_ICON_2461=../Resources/Eclipse.icns
XPC_SERVICE_NAME=0
SHLVL=1
HOME=/Users/rcmurray
LOGNAME=rcmurray
SQLITE_EXEMPT_PATH_FROM_VNODE_GUARDS=/Users/rcmurray/Library/WebKit/Databases
_=/usr/bin/env
SHELL=/bin/bash
TMPDIR=/var/folders/r3/g620c7095lx_cx9n34x_8_lm0000gq/T/
Apple_PubSub_Socket_Render=/private/tmp/com.apple.launchd.k3bSnPSHlf/Render
USER=rcmurray
SSH_AUTH_SOCK=/private/tmp/com.apple.launchd.Mx5WJvK3wu/Listeners
__CF_USER_TEXT_ENCODING=0x1F7:0x0:0x0
PATH=/Users/rcmurray/opt/miniconda3/bin:/Users/rcmurray/opt/miniconda3/condabin:/Users/rcmurray/.jenv/shims:/Users/rcmurray/.jenv/bin:/usr/local/bin:/usr/bin:/bin:/usr/sbin:/sbin:/opt/X11/bin
PWD=/Users/rcmurray/git/DANCEcollaborative/bazaar/lightside
JAVA_HOME=/Library/Java/JavaVirtualMachines/adoptopenjdk-8.jdk/Contents/Home
LANG=en_US.UTF-8
JAVA_STARTED_ON_FIRST_THREAD_2461=1
XPC_FLAGS=0x0
APP_ICON_2461=../Resources/Eclipse.icns
XPC_SERVICE_NAME=0
SHLVL=1
HOME=/Users/rcmurray
LOGNAME=rcmurray
SQLITE_EXEMPT_PATH_FROM_VNODE_GUARDS=/Users/rcmurray/Library/WebKit/Databases
_=/usr/bin/env
SHELL=/bin/bash
TMPDIR=/var/folders/r3/g620c7095lx_cx9n34x_8_lm0000gq/T/
Apple_PubSub_Socket_Render=/private/tmp/com.apple.launchd.k3bSnPSHlf/Render
USER=rcmurray
SSH_AUTH_SOCK=/private/tmp/com.apple.launchd.Mx5WJvK3wu/Listeners
__CF_USER_TEXT_ENCODING=0x1F7:0x0:0x0
PATH=/Users/rcmurray/opt/miniconda3/bin:/Users/rcmurray/opt/miniconda3/condabin:/Users/rcmurray/.jenv/shims:/Users/rcmurray/.jenv/bin:/usr/local/bin:/usr/bin:/bin:/usr/sbin:/sbin:/opt/X11/bin
PWD=/Users/rcmurray/git/DANCEcollaborative/bazaar/lightside
JAVA_HOME=/Library/Java/JavaVirtualMachines/adoptopenjdk-8.jdk/Contents/Home
LANG=en_US.UTF-8
JAVA_STARTED_ON_FIRST_THREAD_2461=1
XPC_FLAGS=0x0
APP_ICON_2461=../Resources/Eclipse.icns
XPC_SERVICE_NAME=0
SHLVL=1
HOME=/Users/rcmurray
LOGNAME=rcmurray
SQLITE_EXEMPT_PATH_FROM_VNODE_GUARDS=/Users/rcmurray/Library/WebKit/Databases
_=/usr/bin/env
SHELL=/bin/bash
TMPDIR=/var/folders/r3/g620c7095lx_cx9n34x_8_lm0000gq/T/
Apple_PubSub_Socket_Render=/private/tmp/com.apple.launchd.k3bSnPSHlf/Render
USER=rcmurray
SSH_AUTH_SOCK=/private/tmp/com.apple.launchd.Mx5WJvK3wu/Listeners
__CF_USER_TEXT_ENCODING=0x1F7:0x0:0x0
PATH=/Users/rcmurray/opt/miniconda3/bin:/Users/rcmurray/opt/miniconda3/condabin:/Users/rcmurray/.jenv/shims:/Users/rcmurray/.jenv/bin:/usr/local/bin:/usr/bin:/bin:/usr/sbin:/sbin:/opt/X11/bin
PWD=/Users/rcmurray/git/DANCEcollaborative/bazaar/lightside
JAVA_HOME=/Library/Java/JavaVirtualMachines/adoptopenjdk-8.jdk/Contents/Home
LANG=en_US.UTF-8
JAVA_STARTED_ON_FIRST_THREAD_2461=1
XPC_FLAGS=0x0
APP_ICON_2461=../Resources/Eclipse.icns
XPC_SERVICE_NAME=0
SHLVL=1
HOME=/Users/rcmurray
LOGNAME=rcmurray
SQLITE_EXEMPT_PATH_FROM_VNODE_GUARDS=/Users/rcmurray/Library/WebKit/Databases
_=/usr/bin/env
SHELL=/bin/bash
TMPDIR=/var/folders/r3/g620c7095lx_cx9n34x_8_lm0000gq/T/
Apple_PubSub_Socket_Render=/private/tmp/com.apple.launchd.k3bSnPSHlf/Render
USER=rcmurray
SSH_AUTH_SOCK=/private/tmp/com.apple.launchd.Mx5WJvK3wu/Listeners
__CF_USER_TEXT_ENCODING=0x1F7:0x0:0x0
PATH=/Users/rcmurray/opt/miniconda3/bin:/Users/rcmurray/opt/miniconda3/condabin:/Users/rcmurray/.jenv/shims:/Users/rcmurray/.jenv/bin:/usr/local/bin:/usr/bin:/bin:/usr/sbin:/sbin:/opt/X11/bin
PWD=/Users/rcmurray/git/DANCEcollaborative/bazaar/lightside
JAVA_HOME=/Library/Java/JavaVirtualMachines/adoptopenjdk-8.jdk/Contents/Home
LANG=en_US.UTF-8
JAVA_STARTED_ON_FIRST_THREAD_2461=1
XPC_FLAGS=0x0
APP_ICON_2461=../Resources/Eclipse.icns
XPC_SERVICE_NAME=0
JAVA_MAIN_CLASS_16740=basilica2.side.listeners.LightSideMessageAnnotator
SHLVL=1
HOME=/Users/rcmurray
LOGNAME=rcmurray
SQLITE_EXEMPT_PATH_FROM_VNODE_GUARDS=/Users/rcmurray/Library/WebKit/Databases
_=/usr/bin/env
SHELL=/bin/bash
TMPDIR=/var/folders/r3/g620c7095lx_cx9n34x_8_lm0000gq/T/
Apple_PubSub_Socket_Render=/private/tmp/com.apple.launchd.k3bSnPSHlf/Render
USER=rcmurray
SSH_AUTH_SOCK=/private/tmp/com.apple.launchd.Mx5WJvK3wu/Listeners
__CF_USER_TEXT_ENCODING=0x1F7:0x0:0x0
PATH=/Users/rcmurray/opt/miniconda3/bin:/Users/rcmurray/opt/miniconda3/condabin:/Users/rcmurray/.jenv/shims:/Users/rcmurray/.jenv/bin:/usr/local/bin:/usr/bin:/bin:/usr/sbin:/sbin:/opt/X11/bin
PWD=/Users/rcmurray/git/DANCEcollaborative/bazaar/lightside
JAVA_HOME=/Library/Java/JavaVirtualMachines/adoptopenjdk-8.jdk/Contents/Home
LANG=en_US.UTF-8
JAVA_STARTED_ON_FIRST_THREAD_2461=1
XPC_FLAGS=0x0
APP_ICON_2461=../Resources/Eclipse.icns
XPC_SERVICE_NAME=0
SHLVL=1
HOME=/Users/rcmurray
LOGNAME=rcmurray
SQLITE_EXEMPT_PATH_FROM_VNODE_GUARDS=/Users/rcmurray/Library/WebKit/Databases
_=/usr/bin/env
SHELL=/bin/bash
TMPDIR=/var/folders/r3/g620c7095lx_cx9n34x_8_lm0000gq/T/
Apple_PubSub_Socket_Render=/private/tmp/com.apple.launchd.k3bSnPSHlf/Render
USER=rcmurray
SSH_AUTH_SOCK=/private/tmp/com.apple.launchd.Mx5WJvK3wu/Listeners
__CF_USER_TEXT_ENCODING=0x1F7:0x0:0x0
PATH=/Users/rcmurray/opt/miniconda3/bin:/Users/rcmurray/opt/miniconda3/condabin:/Users/rcmurray/.jenv/shims:/Users/rcmurray/.jenv/bin:/usr/local/bin:/usr/bin:/bin:/usr/sbin:/sbin:/opt/X11/bin
PWD=/Users/rcmurray/git/DANCEcollaborative/bazaar/lightside
JAVA_HOME=/Library/Java/JavaVirtualMachines/adoptopenjdk-8.jdk/Contents/Home
LANG=en_US.UTF-8
JAVA_STARTED_ON_FIRST_THREAD_2461=1
XPC_FLAGS=0x0
APP_ICON_2461=../Resources/Eclipse.icns
XPC_SERVICE_NAME=0
SHLVL=1
HOME=/Users/rcmurray
LOGNAME=rcmurray
SQLITE_EXEMPT_PATH_FROM_VNODE_GUARDS=/Users/rcmurray/Library/WebKit/Databases
_=/usr/bin/env
SHELL=/bin/bash
TMPDIR=/var/folders/r3/g620c7095lx_cx9n34x_8_lm0000gq/T/
Apple_PubSub_Socket_Render=/private/tmp/com.apple.launchd.k3bSnPSHlf/Render
USER=rcmurray
SSH_AUTH_SOCK=/private/tmp/com.apple.launchd.Mx5WJvK3wu/Listeners
__CF_USER_TEXT_ENCODING=0x1F7:0x0:0x0
PATH=/Users/rcmurray/opt/miniconda3/bin:/Users/rcmurray/opt/miniconda3/condabin:/Users/rcmurray/.jenv/shims:/Users/rcmurray/.jenv/bin:/usr/local/bin:/usr/bin:/bin:/usr/sbin:/sbin:/opt/X11/bin
PWD=/Users/rcmurray/git/DANCEcollaborative/bazaar/lightside
JAVA_HOME=/Library/Java/JavaVirtualMachines/adoptopenjdk-8.jdk/Contents/Home
LANG=en_US.UTF-8
JAVA_STARTED_ON_FIRST_THREAD_2461=1
XPC_FLAGS=0x0
APP_ICON_2461=../Resources/Eclipse.icns
XPC_SERVICE_NAME=0
SHLVL=1
HOME=/Users/rcmurray
LOGNAME=rcmurray
SQLITE_EXEMPT_PATH_FROM_VNODE_GUARDS=/Users/rcmurray/Library/WebKit/Databases
_=/usr/bin/env
SHELL=/bin/bash
TMPDIR=/var/folders/r3/g620c7095lx_cx9n34x_8_lm0000gq/T/
Apple_PubSub_Socket_Render=/private/tmp/com.apple.launchd.k3bSnPSHlf/Render
USER=rcmurray
SSH_AUTH_SOCK=/private/tmp/com.apple.launchd.Mx5WJvK3wu/Listeners
__CF_USER_TEXT_ENCODING=0x1F7:0x0:0x0
PATH=/Users/rcmurray/opt/miniconda3/bin:/Users/rcmurray/opt/miniconda3/condabin:/Users/rcmurray/.jenv/shims:/Users/rcmurray/.jenv/bin:/usr/local/bin:/usr/bin:/bin:/usr/sbin:/sbin:/opt/X11/bin
PWD=/Users/rcmurray/git/DANCEcollaborative/bazaar/lightside
JAVA_HOME=/Library/Java/JavaVirtualMachines/adoptopenjdk-8.jdk/Contents/Home
LANG=en_US.UTF-8
JAVA_STARTED_ON_FIRST_THREAD_2461=1
XPC_FLAGS=0x0
APP_ICON_2461=../Resources/Eclipse.icns
XPC_SERVICE_NAME=0
SHLVL=1
HOME=/Users/rcmurray
LOGNAME=rcmurray
SQLITE_EXEMPT_PATH_FROM_VNODE_GUARDS=/Users/rcmurray/Library/WebKit/Databases
_=/usr/bin/env
SHELL=/bin/bash
TMPDIR=/var/folders/r3/g620c7095lx_cx9n34x_8_lm0000gq/T/
Apple_PubSub_Socket_Render=/private/tmp/com.apple.launchd.k3bSnPSHlf/Render
USER=rcmurray
SSH_AUTH_SOCK=/private/tmp/com.apple.launchd.Mx5WJvK3wu/Listeners
__CF_USER_TEXT_ENCODING=0x1F7:0x0:0x0
PATH=/Users/rcmurray/opt/miniconda3/bin:/Users/rcmurray/opt/miniconda3/condabin:/Users/rcmurray/.jenv/shims:/Users/rcmurray/.jenv/bin:/usr/local/bin:/usr/bin:/bin:/usr/sbin:/sbin:/opt/X11/bin
PWD=/Users/rcmurray/git/DANCEcollaborative/bazaar/lightside
JAVA_HOME=/Library/Java/JavaVirtualMachines/adoptopenjdk-8.jdk/Contents/Home
LANG=en_US.UTF-8
JAVA_STARTED_ON_FIRST_THREAD_2461=1
XPC_FLAGS=0x0
APP_ICON_2461=../Resources/Eclipse.icns
XPC_SERVICE_NAME=0
SHLVL=1
HOME=/Users/rcmurray
LOGNAME=rcmurray
SQLITE_EXEMPT_PATH_FROM_VNODE_GUARDS=/Users/rcmurray/Library/WebKit/Databases
_=/usr/bin/env
SHELL=/bin/bash
TMPDIR=/var/folders/r3/g620c7095lx_cx9n34x_8_lm0000gq/T/
Apple_PubSub_Socket_Render=/private/tmp/com.apple.launchd.k3bSnPSHlf/Render
USER=rcmurray
SSH_AUTH_SOCK=/private/tmp/com.apple.launchd.Mx5WJvK3wu/Listeners
__CF_USER_TEXT_ENCODING=0x1F7:0x0:0x0
PATH=/Users/rcmurray/opt/miniconda3/bin:/Users/rcmurray/opt/miniconda3/condabin:/Users/rcmurray/.jenv/shims:/Users/rcmurray/.jenv/bin:/usr/local/bin:/usr/bin:/bin:/usr/sbin:/sbin:/opt/X11/bin
PWD=/Users/rcmurray/git/DANCEcollaborative/bazaar/lightside
JAVA_HOME=/Library/Java/JavaVirtualMachines/adoptopenjdk-8.jdk/Contents/Home
LANG=en_US.UTF-8
JAVA_STARTED_ON_FIRST_THREAD_2461=1
XPC_FLAGS=0x0
APP_ICON_2461=../Resources/Eclipse.icns
XPC_SERVICE_NAME=0
SHLVL=1
HOME=/Users/rcmurray
LOGNAME=rcmurray
SQLITE_EXEMPT_PATH_FROM_VNODE_GUARDS=/Users/rcmurray/Library/WebKit/Databases
_=/usr/bin/env
SHELL=/bin/bash
TMPDIR=/var/folders/r3/g620c7095lx_cx9n34x_8_lm0000gq/T/
Apple_PubSub_Socket_Render=/private/tmp/com.apple.launchd.k3bSnPSHlf/Render
USER=rcmurray
SSH_AUTH_SOCK=/private/tmp/com.apple.launchd.Mx5WJvK3wu/Listeners
__CF_USER_TEXT_ENCODING=0x1F7:0x0:0x0
PATH=/Users/rcmurray/opt/miniconda3/bin:/Users/rcmurray/opt/miniconda3/condabin:/Users/rcmurray/.jenv/shims:/Users/rcmurray/.jenv/bin:/usr/local/bin:/usr/bin:/bin:/usr/sbin:/sbin:/opt/X11/bin
PWD=/Users/rcmurray/git/DANCEcollaborative/bazaar/lightside
JAVA_HOME=/Library/Java/JavaVirtualMachines/adoptopenjdk-8.jdk/Contents/Home
LANG=en_US.UTF-8
JAVA_STARTED_ON_FIRST_THREAD_2461=1
XPC_FLAGS=0x0
APP_ICON_2461=../Resources/Eclipse.icns
XPC_SERVICE_NAME=0
SHLVL=1
HOME=/Users/rcmurray
LOGNAME=rcmurray
SQLITE_EXEMPT_PATH_FROM_VNODE_GUARDS=/Users/rcmurray/Library/WebKit/Databases
_=/usr/bin/env
SHELL=/bin/bash
TMPDIR=/var/folders/r3/g620c7095lx_cx9n34x_8_lm0000gq/T/
Apple_PubSub_Socket_Render=/private/tmp/com.apple.launchd.k3bSnPSHlf/Render
USER=rcmurray
SSH_AUTH_SOCK=/private/tmp/com.apple.launchd.Mx5WJvK3wu/Listeners
__CF_USER_TEXT_ENCODING=0x1F7:0x0:0x0
PATH=/Users/rcmurray/opt/miniconda3/bin:/Users/rcmurray/opt/miniconda3/condabin:/Users/rcmurray/.jenv/shims:/Users/rcmurray/.jenv/bin:/usr/local/bin:/usr/bin:/bin:/usr/sbin:/sbin:/opt/X11/bin
PWD=/Users/rcmurray/git/DANCEcollaborative/bazaar/lightside
JAVA_HOME=/Library/Java/JavaVirtualMachines/adoptopenjdk-8.jdk/Contents/Home
LANG=en_US.UTF-8
JAVA_STARTED_ON_FIRST_THREAD_2461=1
XPC_FLAGS=0x0
APP_ICON_2461=../Resources/Eclipse.icns
XPC_SERVICE_NAME=0
SHLVL=1
HOME=/Users/rcmurray
LOGNAME=rcmurray
SQLITE_EXEMPT_PATH_FROM_VNODE_GUARDS=/Users/rcmurray/Library/WebKit/Databases
_=/usr/bin/env
SHELL=/bin/bash
TMPDIR=/var/folders/r3/g620c7095lx_cx9n34x_8_lm0000gq/T/
Apple_PubSub_Socket_Render=/private/tmp/com.apple.launchd.k3bSnPSHlf/Render
USER=rcmurray
SSH_AUTH_SOCK=/private/tmp/com.apple.launchd.Mx5WJvK3wu/Listeners
__CF_USER_TEXT_ENCODING=0x1F7:0x0:0x0
PATH=/Users/rcmurray/opt/miniconda3/bin:/Users/rcmurray/opt/miniconda3/condabin:/Users/rcmurray/.jenv/shims:/Users/rcmurray/.jenv/bin:/usr/local/bin:/usr/bin:/bin:/usr/sbin:/sbin:/opt/X11/bin
PWD=/Users/rcmurray/git/DANCEcollaborative/bazaar/lightside
JAVA_HOME=/Library/Java/JavaVirtualMachines/adoptopenjdk-8.jdk/Contents/Home
LANG=en_US.UTF-8
JAVA_STARTED_ON_FIRST_THREAD_2461=1
XPC_FLAGS=0x0
APP_ICON_2461=../Resources/Eclipse.icns
XPC_SERVICE_NAME=0
SHLVL=1
HOME=/Users/rcmurray
LOGNAME=rcmurray
SQLITE_EXEMPT_PATH_FROM_VNODE_GUARDS=/Users/rcmurray/Library/WebKit/Databases
_=/usr/bin/env
SHELL=/bin/bash
TMPDIR=/var/folders/r3/g620c7095lx_cx9n34x_8_lm0000gq/T/
Apple_PubSub_Socket_Render=/private/tmp/com.apple.launchd.k3bSnPSHlf/Render
USER=rcmurray
SSH_AUTH_SOCK=/private/tmp/com.apple.launchd.Mx5WJvK3wu/Listeners
__CF_USER_TEXT_ENCODING=0x1F7:0x0:0x0
PATH=/Users/rcmurray/opt/miniconda3/bin:/Users/rcmurray/opt/miniconda3/condabin:/Users/rcmurray/.jenv/shims:/Users/rcmurray/.jenv/bin:/usr/local/bin:/usr/bin:/bin:/usr/sbin:/sbin:/opt/X11/bin
PWD=/Users/rcmurray/git/DANCEcollaborative/bazaar/lightside
JAVA_HOME=/Library/Java/JavaVirtualMachines/adoptopenjdk-8.jdk/Contents/Home
LANG=en_US.UTF-8
JAVA_STARTED_ON_FIRST_THREAD_2461=1
XPC_FLAGS=0x0
APP_ICON_2461=../Resources/Eclipse.icns
XPC_SERVICE_NAME=0
SHLVL=1
HOME=/Users/rcmurray
LOGNAME=rcmurray
SQLITE_EXEMPT_PATH_FROM_VNODE_GUARDS=/Users/rcmurray/Library/WebKit/Databases
_=/usr/bin/env
SHELL=/bin/bash
TMPDIR=/var/folders/r3/g620c7095lx_cx9n34x_8_lm0000gq/T/
Apple_PubSub_Socket_Render=/private/tmp/com.apple.launchd.k3bSnPSHlf/Render
USER=rcmurray
SSH_AUTH_SOCK=/private/tmp/com.apple.launchd.Mx5WJvK3wu/Listeners
__CF_USER_TEXT_ENCODING=0x1F7:0x0:0x0
PATH=/Users/rcmurray/opt/miniconda3/bin:/Users/rcmurray/opt/miniconda3/condabin:/Users/rcmurray/.jenv/shims:/Users/rcmurray/.jenv/bin:/usr/local/bin:/usr/bin:/bin:/usr/sbin:/sbin:/opt/X11/bin
PWD=/Users/rcmurray/git/DANCEcollaborative/bazaar/lightside
JAVA_HOME=/Library/Java/JavaVirtualMachines/adoptopenjdk-8.jdk/Contents/Home
LANG=en_US.UTF-8
JAVA_STARTED_ON_FIRST_THREAD_2461=1
XPC_FLAGS=0x0
APP_ICON_2461=../Resources/Eclipse.icns
XPC_SERVICE_NAME=0
SHLVL=1
HOME=/Users/rcmurray
LOGNAME=rcmurray
SQLITE_EXEMPT_PATH_FROM_VNODE_GUARDS=/Users/rcmurray/Library/WebKit/Databases
_=/usr/bin/env
SHELL=/bin/bash
TMPDIR=/var/folders/r3/g620c7095lx_cx9n34x_8_lm0000gq/T/
Apple_PubSub_Socket_Render=/private/tmp/com.apple.launchd.k3bSnPSHlf/Render
USER=rcmurray
SSH_AUTH_SOCK=/private/tmp/com.apple.launchd.Mx5WJvK3wu/Listeners
__CF_USER_TEXT_ENCODING=0x1F7:0x0:0x0
PATH=/Users/rcmurray/opt/miniconda3/bin:/Users/rcmurray/opt/miniconda3/condabin:/Users/rcmurray/.jenv/shims:/Users/rcmurray/.jenv/bin:/usr/local/bin:/usr/bin:/bin:/usr/sbin:/sbin:/opt/X11/bin
PWD=/Users/rcmurray/git/DANCEcollaborative/bazaar/lightside
JAVA_HOME=/Library/Java/JavaVirtualMachines/adoptopenjdk-8.jdk/Contents/Home
LANG=en_US.UTF-8
JAVA_STARTED_ON_FIRST_THREAD_2461=1
XPC_FLAGS=0x0
APP_ICON_2461=../Resources/Eclipse.icns
XPC_SERVICE_NAME=0
SHLVL=1
HOME=/Users/rcmurray
LOGNAME=rcmurray
SQLITE_EXEMPT_PATH_FROM_VNODE_GUARDS=/Users/rcmurray/Library/WebKit/Databases
_=/usr/bin/env
SHELL=/bin/bash
TMPDIR=/var/folders/r3/g620c7095lx_cx9n34x_8_lm0000gq/T/
Apple_PubSub_Socket_Render=/private/tmp/com.apple.launchd.k3bSnPSHlf/Render
USER=rcmurray
SSH_AUTH_SOCK=/private/tmp/com.apple.launchd.Mx5WJvK3wu/Listeners
__CF_USER_TEXT_ENCODING=0x1F7:0x0:0x0
PATH=/Users/rcmurray/opt/miniconda3/bin:/Users/rcmurray/opt/miniconda3/condabin:/Users/rcmurray/.jenv/shims:/Users/rcmurray/.jenv/bin:/usr/local/bin:/usr/bin:/bin:/usr/sbin:/sbin:/opt/X11/bin
PWD=/Users/rcmurray/git/DANCEcollaborative/bazaar/lightside
JAVA_HOME=/Library/Java/JavaVirtualMachines/adoptopenjdk-8.jdk/Contents/Home
LANG=en_US.UTF-8
JAVA_STARTED_ON_FIRST_THREAD_2461=1
XPC_FLAGS=0x0
APP_ICON_2461=../Resources/Eclipse.icns
XPC_SERVICE_NAME=0
SHLVL=1
HOME=/Users/rcmurray
LOGNAME=rcmurray
SQLITE_EXEMPT_PATH_FROM_VNODE_GUARDS=/Users/rcmurray/Library/WebKit/Databases
_=/usr/bin/env
SHELL=/bin/bash
TMPDIR=/var/folders/r3/g620c7095lx_cx9n34x_8_lm0000gq/T/
Apple_PubSub_Socket_Render=/private/tmp/com.apple.launchd.k3bSnPSHlf/Render
USER=rcmurray
SSH_AUTH_SOCK=/private/tmp/com.apple.launchd.Mx5WJvK3wu/Listeners
__CF_USER_TEXT_ENCODING=0x1F7:0x0:0x0
PATH=/Users/rcmurray/opt/miniconda3/bin:/Users/rcmurray/opt/miniconda3/condabin:/Users/rcmurray/.jenv/shims:/Users/rcmurray/.jenv/bin:/usr/local/bin:/usr/bin:/bin:/usr/sbin:/sbin:/opt/X11/bin
PWD=/Users/rcmurray/git/DANCEcollaborative/bazaar/lightside
JAVA_HOME=/Library/Java/JavaVirtualMachines/adoptopenjdk-8.jdk/Contents/Home
LANG=en_US.UTF-8
JAVA_STARTED_ON_FIRST_THREAD_2461=1
XPC_FLAGS=0x0
APP_ICON_2461=../Resources/Eclipse.icns
XPC_SERVICE_NAME=0
SHLVL=1
HOME=/Users/rcmurray
LOGNAME=rcmurray
SQLITE_EXEMPT_PATH_FROM_VNODE_GUARDS=/Users/rcmurray/Library/WebKit/Databases
_=/usr/bin/env
SHELL=/bin/bash
TMPDIR=/var/folders/r3/g620c7095lx_cx9n34x_8_lm0000gq/T/
Apple_PubSub_Socket_Render=/private/tmp/com.apple.launchd.k3bSnPSHlf/Render
USER=rcmurray
SSH_AUTH_SOCK=/private/tmp/com.apple.launchd.Mx5WJvK3wu/Listeners
__CF_USER_TEXT_ENCODING=0x1F7:0x0:0x0
PATH=/Users/rcmurray/opt/miniconda3/bin:/Users/rcmurray/opt/miniconda3/condabin:/Users/rcmurray/.jenv/shims:/Users/rcmurray/.jenv/bin:/usr/local/bin:/usr/bin:/bin:/usr/sbin:/sbin:/opt/X11/bin
PWD=/Users/rcmurray/git/DANCEcollaborative/bazaar/lightside
JAVA_HOME=/Library/Java/JavaVirtualMachines/adoptopenjdk-8.jdk/Contents/Home
LANG=en_US.UTF-8
JAVA_STARTED_ON_FIRST_THREAD_2461=1
XPC_FLAGS=0x0
APP_ICON_2461=../Resources/Eclipse.icns
XPC_SERVICE_NAME=0
SHLVL=1
HOME=/Users/rcmurray
LOGNAME=rcmurray
SQLITE_EXEMPT_PATH_FROM_VNODE_GUARDS=/Users/rcmurray/Library/WebKit/Databases
_=/usr/bin/env
SHELL=/bin/bash
TMPDIR=/var/folders/r3/g620c7095lx_cx9n34x_8_lm0000gq/T/
Apple_PubSub_Socket_Render=/private/tmp/com.apple.launchd.k3bSnPSHlf/Render
USER=rcmurray
SSH_AUTH_SOCK=/private/tmp/com.apple.launchd.Mx5WJvK3wu/Listeners
__CF_USER_TEXT_ENCODING=0x1F7:0x0:0x0
PATH=/Users/rcmurray/opt/miniconda3/bin:/Users/rcmurray/opt/miniconda3/condabin:/Users/rcmurray/.jenv/shims:/Users/rcmurray/.jenv/bin:/usr/local/bin:/usr/bin:/bin:/usr/sbin:/sbin:/opt/X11/bin
PWD=/Users/rcmurray/git/DANCEcollaborative/bazaar/lightside
JAVA_HOME=/Library/Java/JavaVirtualMachines/adoptopenjdk-8.jdk/Contents/Home
LANG=en_US.UTF-8
JAVA_STARTED_ON_FIRST_THREAD_2461=1
XPC_FLAGS=0x0
JAVA_MAIN_CLASS_23473=basilica2.side.listeners.LightSideMessageAnnotator
APP_ICON_2461=../Resources/Eclipse.icns
XPC_SERVICE_NAME=0
SHLVL=1
HOME=/Users/rcmurray
LOGNAME=rcmurray
SQLITE_EXEMPT_PATH_FROM_VNODE_GUARDS=/Users/rcmurray/Library/WebKit/Databases
_=/usr/bin/env
SHELL=/bin/bash
TMPDIR=/var/folders/r3/g620c7095lx_cx9n34x_8_lm0000gq/T/
Apple_PubSub_Socket_Render=/private/tmp/com.apple.launchd.k3bSnPSHlf/Render
USER=rcmurray
SSH_AUTH_SOCK=/private/tmp/com.apple.launchd.Mx5WJvK3wu/Listeners
__CF_USER_TEXT_ENCODING=0x1F7:0x0:0x0
PATH=/Users/rcmurray/opt/miniconda3/bin:/Users/rcmurray/opt/miniconda3/condabin:/Users/rcmurray/.jenv/shims:/Users/rcmurray/.jenv/bin:/usr/local/bin:/usr/bin:/bin:/usr/sbin:/sbin:/opt/X11/bin
PWD=/Users/rcmurray/git/DANCEcollaborative/bazaar/lightside
JAVA_HOME=/Library/Java/JavaVirtualMachines/adoptopenjdk-8.jdk/Contents/Home
LANG=en_US.UTF-8
JAVA_STARTED_ON_FIRST_THREAD_2461=1
XPC_FLAGS=0x0
APP_ICON_2461=../Resources/Eclipse.icns
XPC_SERVICE_NAME=0
SHLVL=1
HOME=/Users/rcmurray
LOGNAME=rcmurray
SQLITE_EXEMPT_PATH_FROM_VNODE_GUARDS=/Users/rcmurray/Library/WebKit/Databases
_=/usr/bin/env
SHELL=/bin/bash
TMPDIR=/var/folders/r3/g620c7095lx_cx9n34x_8_lm0000gq/T/
Apple_PubSub_Socket_Render=/private/tmp/com.apple.launchd.k3bSnPSHlf/Render
USER=rcmurray
SSH_AUTH_SOCK=/private/tmp/com.apple.launchd.Mx5WJvK3wu/Listeners
__CF_USER_TEXT_ENCODING=0x1F7:0x0:0x0
PATH=/Users/rcmurray/opt/miniconda3/bin:/Users/rcmurray/opt/miniconda3/condabin:/Users/rcmurray/.jenv/shims:/Users/rcmurray/.jenv/bin:/usr/local/bin:/usr/bin:/bin:/usr/sbin:/sbin:/opt/X11/bin
PWD=/Users/rcmurray/git/DANCEcollaborative/bazaar/lightside
JAVA_HOME=/Library/Java/JavaVirtualMachines/adoptopenjdk-8.jdk/Contents/Home
LANG=en_US.UTF-8
JAVA_STARTED_ON_FIRST_THREAD_2461=1
XPC_FLAGS=0x0
APP_ICON_2461=../Resources/Eclipse.icns
XPC_SERVICE_NAME=0
SHLVL=1
HOME=/Users/rcmurray
LOGNAME=rcmurray
SQLITE_EXEMPT_PATH_FROM_VNODE_GUARDS=/Users/rcmurray/Library/WebKit/Databases
_=/usr/bin/env
SHELL=/bin/bash
TMPDIR=/var/folders/r3/g620c7095lx_cx9n34x_8_lm0000gq/T/
Apple_PubSub_Socket_Render=/private/tmp/com.apple.launchd.k3bSnPSHlf/Render
USER=rcmurray
SSH_AUTH_SOCK=/private/tmp/com.apple.launchd.Mx5WJvK3wu/Listeners
__CF_USER_TEXT_ENCODING=0x1F7:0x0:0x0
PATH=/Users/rcmurray/opt/miniconda3/bin:/Users/rcmurray/opt/miniconda3/condabin:/Users/rcmurray/.jenv/shims:/Users/rcmurray/.jenv/bin:/usr/local/bin:/usr/bin:/bin:/usr/sbin:/sbin:/opt/X11/bin
PWD=/Users/rcmurray/git/DANCEcollaborative/bazaar/lightside
JAVA_HOME=/Library/Java/JavaVirtualMachines/adoptopenjdk-8.jdk/Contents/Home
LANG=en_US.UTF-8
JAVA_STARTED_ON_FIRST_THREAD_2461=1
XPC_FLAGS=0x0
APP_ICON_2461=../Resources/Eclipse.icns
XPC_SERVICE_NAME=0
SHLVL=1
HOME=/Users/rcmurray
LOGNAME=rcmurray
SQLITE_EXEMPT_PATH_FROM_VNODE_GUARDS=/Users/rcmurray/Library/WebKit/Databases
_=/usr/bin/env
SHELL=/bin/bash
TMPDIR=/var/folders/r3/g620c7095lx_cx9n34x_8_lm0000gq/T/
Apple_PubSub_Socket_Render=/private/tmp/com.apple.launchd.k3bSnPSHlf/Render
USER=rcmurray
SSH_AUTH_SOCK=/private/tmp/com.apple.launchd.Mx5WJvK3wu/Listeners
__CF_USER_TEXT_ENCODING=0x1F7:0x0:0x0
PATH=/Users/rcmurray/opt/miniconda3/bin:/Users/rcmurray/opt/miniconda3/condabin:/Users/rcmurray/.jenv/shims:/Users/rcmurray/.jenv/bin:/usr/local/bin:/usr/bin:/bin:/usr/sbin:/sbin:/opt/X11/bin
PWD=/Users/rcmurray/git/DANCEcollaborative/bazaar/lightside
JAVA_HOME=/Library/Java/JavaVirtualMachines/adoptopenjdk-8.jdk/Contents/Home
LANG=en_US.UTF-8
JAVA_STARTED_ON_FIRST_THREAD_2461=1
XPC_FLAGS=0x0
APP_ICON_2461=../Resources/Eclipse.icns
XPC_SERVICE_NAME=0
SHLVL=1
HOME=/Users/rcmurray
LOGNAME=rcmurray
SQLITE_EXEMPT_PATH_FROM_VNODE_GUARDS=/Users/rcmurray/Library/WebKit/Databases
_=/usr/bin/env
SHELL=/bin/bash
TMPDIR=/var/folders/r3/g620c7095lx_cx9n34x_8_lm0000gq/T/
Apple_PubSub_Socket_Render=/private/tmp/com.apple.launchd.k3bSnPSHlf/Render
USER=rcmurray
SSH_AUTH_SOCK=/private/tmp/com.apple.launchd.Mx5WJvK3wu/Listeners
__CF_USER_TEXT_ENCODING=0x1F7:0x0:0x0
PATH=/Users/rcmurray/opt/miniconda3/bin:/Users/rcmurray/opt/miniconda3/condabin:/Users/rcmurray/.jenv/shims:/Users/rcmurray/.jenv/bin:/usr/local/bin:/usr/bin:/bin:/usr/sbin:/sbin:/opt/X11/bin
PWD=/Users/rcmurray/git/DANCEcollaborative/bazaar/lightside
JAVA_HOME=/Library/Java/JavaVirtualMachines/adoptopenjdk-8.jdk/Contents/Home
LANG=en_US.UTF-8
JAVA_STARTED_ON_FIRST_THREAD_2461=1
XPC_FLAGS=0x0
APP_ICON_2461=../Resources/Eclipse.icns
XPC_SERVICE_NAME=0
SHLVL=1
HOME=/Users/rcmurray
LOGNAME=rcmurray
SQLITE_EXEMPT_PATH_FROM_VNODE_GUARDS=/Users/rcmurray/Library/WebKit/Databases
_=/usr/bin/env
SHELL=/bin/bash
TMPDIR=/var/folders/r3/g620c7095lx_cx9n34x_8_lm0000gq/T/
Apple_PubSub_Socket_Render=/private/tmp/com.apple.launchd.k3bSnPSHlf/Render
USER=rcmurray
SSH_AUTH_SOCK=/private/tmp/com.apple.launchd.Mx5WJvK3wu/Listeners
__CF_USER_TEXT_ENCODING=0x1F7:0x0:0x0
PATH=/Users/rcmurray/opt/miniconda3/bin:/Users/rcmurray/opt/miniconda3/condabin:/Users/rcmurray/.jenv/shims:/Users/rcmurray/.jenv/bin:/usr/local/bin:/usr/bin:/bin:/usr/sbin:/sbin:/opt/X11/bin
PWD=/Users/rcmurray/git/DANCEcollaborative/bazaar/lightside
JAVA_HOME=/Library/Java/JavaVirtualMachines/adoptopenjdk-8.jdk/Contents/Home
LANG=en_US.UTF-8
JAVA_STARTED_ON_FIRST_THREAD_2461=1
XPC_FLAGS=0x0
APP_ICON_2461=../Resources/Eclipse.icns
XPC_SERVICE_NAME=0
SHLVL=1
HOME=/Users/rcmurray
LOGNAME=rcmurray
SQLITE_EXEMPT_PATH_FROM_VNODE_GUARDS=/Users/rcmurray/Library/WebKit/Databases
_=/usr/bin/env
SHELL=/bin/bash
TMPDIR=/var/folders/r3/g620c7095lx_cx9n34x_8_lm0000gq/T/
Apple_PubSub_Socket_Render=/private/tmp/com.apple.launchd.k3bSnPSHlf/Render
USER=rcmurray
SSH_AUTH_SOCK=/private/tmp/com.apple.launchd.Mx5WJvK3wu/Listeners
__CF_USER_TEXT_ENCODING=0x1F7:0x0:0x0
PATH=/Users/rcmurray/opt/miniconda3/bin:/Users/rcmurray/opt/miniconda3/condabin:/Users/rcmurray/.jenv/shims:/Users/rcmurray/.jenv/bin:/usr/local/bin:/usr/bin:/bin:/usr/sbin:/sbin:/opt/X11/bin
PWD=/Users/rcmurray/git/DANCEcollaborative/bazaar/lightside
JAVA_HOME=/Library/Java/JavaVirtualMachines/adoptopenjdk-8.jdk/Contents/Home
LANG=en_US.UTF-8
JAVA_STARTED_ON_FIRST_THREAD_2461=1
XPC_FLAGS=0x0
APP_ICON_2461=../Resources/Eclipse.icns
XPC_SERVICE_NAME=0
SHLVL=1
HOME=/Users/rcmurray
LOGNAME=rcmurray
SQLITE_EXEMPT_PATH_FROM_VNODE_GUARDS=/Users/rcmurray/Library/WebKit/Databases
_=/usr/bin/env
SHELL=/bin/bash
TMPDIR=/var/folders/r3/g620c7095lx_cx9n34x_8_lm0000gq/T/
Apple_PubSub_Socket_Render=/private/tmp/com.apple.launchd.k3bSnPSHlf/Render
USER=rcmurray
SSH_AUTH_SOCK=/private/tmp/com.apple.launchd.Mx5WJvK3wu/Listeners
__CF_USER_TEXT_ENCODING=0x1F7:0x0:0x0
PATH=/Users/rcmurray/opt/miniconda3/bin:/Users/rcmurray/opt/miniconda3/condabin:/Users/rcmurray/.jenv/shims:/Users/rcmurray/.jenv/bin:/usr/local/bin:/usr/bin:/bin:/usr/sbin:/sbin:/opt/X11/bin
PWD=/Users/rcmurray/git/DANCEcollaborative/bazaar/lightside
JAVA_HOME=/Library/Java/JavaVirtualMachines/adoptopenjdk-8.jdk/Contents/Home
LANG=en_US.UTF-8
JAVA_STARTED_ON_FIRST_THREAD_2461=1
XPC_FLAGS=0x0
APP_ICON_2461=../Resources/Eclipse.icns
XPC_SERVICE_NAME=0
SHLVL=1
HOME=/Users/rcmurray
LOGNAME=rcmurray
SQLITE_EXEMPT_PATH_FROM_VNODE_GUARDS=/Users/rcmurray/Library/WebKit/Databases
_=/usr/bin/env
SHELL=/bin/bash
APP_ICON_34778=../Resources/Eclipse.icns
JAVA_STARTED_ON_FIRST_THREAD_34778=1
TMPDIR=/var/folders/r3/g620c7095lx_cx9n34x_8_lm0000gq/T/
Apple_PubSub_Socket_Render=/private/tmp/com.apple.launchd.k3bSnPSHlf/Render
JAVA_STARTED_ON_FIRST_THREAD_25269=1
USER=rcmurray
APP_ICON_25205=../Resources/Eclipse.icns
SSH_AUTH_SOCK=/private/tmp/com.apple.launchd.Mx5WJvK3wu/Listeners
__CF_USER_TEXT_ENCODING=0x1F7:0x0:0x0
APP_ICON_25246=../Resources/Eclipse.icns
PATH=/Users/rcmurray/opt/miniconda3/bin:/Users/rcmurray/opt/miniconda3/condabin:/Users/rcmurray/.jenv/shims:/Users/rcmurray/.jenv/bin:/usr/local/bin:/usr/bin:/bin:/usr/sbin:/sbin:/opt/X11/bin
PWD=/Users/rcmurray/git/DANCEcollaborative/bazaar/lightside
JAVA_HOME=/Library/Java/JavaVirtualMachines/adoptopenjdk-8.jdk/Contents/Home
LANG=en_US.UTF-8
XPC_FLAGS=0x0
JAVA_STARTED_ON_FIRST_THREAD_25382=1
XPC_SERVICE_NAME=0
SHLVL=1
HOME=/Users/rcmurray
JAVA_STARTED_ON_FIRST_THREAD_25205=1
APP_ICON_25382=../Resources/Eclipse.icns
LOGNAME=rcmurray
JAVA_STARTED_ON_FIRST_THREAD_25246=1
SQLITE_EXEMPT_PATH_FROM_VNODE_GUARDS=/Users/rcmurray/Library/WebKit/Databases
APP_ICON_25269=../Resources/Eclipse.icns
_=/usr/bin/env
