======== create predict.log complete ===========
Apr 04, 2020 10:48:44 AM edu.cmu.side.recipe.Predictor main
INFO: loading predictor from models/pos.model.xml
======== creating Predictor(m,a) ===========
======== In Predictor(m,S) ========
Predictor: loadModel()
Apr 04, 2020 10:48:46 AM com.github.fommil.netlib.ARPACK <clinit>
WARNING: Failed to load implementation from: com.github.fommil.netlib.NativeSystemARPACK
Apr 04, 2020 10:48:46 AM com.github.fommil.netlib.ARPACK <clinit>
WARNING: Failed to load implementation from: com.github.fommil.netlib.NativeRefARPACK
ConverterControl: models/pos.model.xml is XML
======== Predictor(m,a) created  ===========
======== args.length <= 2 ===========
======== creating input Scanner ===========
======== create input Scanner complete ===========
LightSide Predictor main: input.hasNextLine() = true
Predictor main, input scanner: Getting next line
Predictor: prettyPredict()
Apr 04, 2020 10:49:14 AM edu.cmu.side.recipe.Chef prepareDocumentList
INFO: Preparing documents...
Apr 04, 2020 10:49:14 AM edu.cmu.side.recipe.Chef printMemoryUsage
INFO: 0.1/3.9 GB used
Apr 04, 2020 10:49:14 AM edu.cmu.side.recipe.Chef simmerFeatures
INFO: Chef: Simmering features with Basic Features...
Apr 04, 2020 10:49:14 AM edu.cmu.side.recipe.Chef$1 update
INFO: Starting Extraction: 0/1
Apr 04, 2020 10:49:14 AM edu.cmu.side.recipe.Chef$1 update
INFO: Basic Features Extraction complete.
Apr 04, 2020 10:49:14 AM edu.cmu.side.recipe.Chef simmerFeatures
INFO: Chef: Finished simmering with Basic Features...
Apr 04, 2020 10:49:14 AM edu.cmu.side.recipe.Chef simmerFeatures
INFO: Chef: Done simmering with plugins!
Apr 04, 2020 10:49:14 AM edu.cmu.side.recipe.Chef simmerFeatures
INFO: Chef: Building feature table...
Apr 04, 2020 10:49:14 AM edu.cmu.side.recipe.Chef simmerFeatures
INFO: Chef: Done building feature table!
followRecipe took 0.097 seconds
getTrainingTable took 0.0 seconds
Apr 04, 2020 10:49:15 AM edu.cmu.side.recipe.Predictor predict
INFO: 1 features total
Apr 04, 2020 10:49:15 AM edu.cmu.side.recipe.Predictor predict
INFO: 1 feature hits in document 0
Apr 04, 2020 10:49:15 AM edu.cmu.side.recipe.Predictor predictFromTable
INFO: 1 feature hits in document 0 after reconciliation
Apr 04, 2020 10:49:15 AM edu.cmu.side.recipe.Predictor predictFromTable
INFO: 4485 features total
getLearner() took 0.0 seconds
learner.predict took 0.093 seconds
Predictor main, input scanner: Getting next line
