2019-09-30 11:05:52,313 [Worker-3: Loading available Gradle versions] INFO  o.e.b.c.i.u.g.PublishedGradleVersions - Gradle version information cache is out-of-date. Trying to update.
2021-09-21 11:10:16,284 [Worker-7: Loading available Gradle versions] INFO  o.e.b.c.i.u.g.PublishedGradleVersions - Gradle version information cache is up-to-date. Trying to read.
2021-09-21 11:10:25,518 [Worker-10: Building] INFO  o.e.m.c.i.embedder.EclipseLogger - Using 'UTF-8' encoding to copy filtered resources.
2021-09-21 11:10:25,524 [Worker-10: Building] INFO  o.e.m.c.i.embedder.EclipseLogger - Copying 0 resource to /Users/rcmurray/git/DANCEcollaborative/bazaar/LightSide/wekafiles/packages/LibLINEAR/build/classes
2021-09-21 11:10:25,525 [Worker-10: Building] INFO  o.e.m.c.i.embedder.EclipseLogger - Copying 0 resource to /Users/rcmurray/git/DANCEcollaborative/bazaar/LightSide/wekafiles/packages/LibLINEAR/build/testcases
2021-09-21 11:10:25,526 [Worker-10: Building] INFO  o.e.m.c.i.embedder.EclipseLogger - Using 'UTF-8' encoding to copy filtered resources.
2021-09-21 11:10:25,526 [Worker-10: Building] INFO  o.e.m.c.i.embedder.EclipseLogger - skip non existing resourceDirectory /Users/rcmurray/git/DANCEcollaborative/bazaar/LightSide/wekafiles/packages/LibLINEAR/src/test/resources
2021-09-21 11:10:26,004 [Worker-29: Building] INFO  o.e.m.c.i.embedder.EclipseLogger - Using 'UTF-8' encoding to copy filtered resources.
2021-09-21 11:10:26,005 [Worker-29: Building] INFO  o.e.m.c.i.embedder.EclipseLogger - Copying 0 resource to /Users/rcmurray/git/DANCEcollaborative/bazaar/LightSide/wekafiles/packages/LibSVM/build/classes
2021-09-21 11:10:26,005 [Worker-29: Building] INFO  o.e.m.c.i.embedder.EclipseLogger - Copying 0 resource to /Users/rcmurray/git/DANCEcollaborative/bazaar/LightSide/wekafiles/packages/LibSVM/build/testcases
2021-09-21 11:10:26,006 [Worker-29: Building] INFO  o.e.m.c.i.embedder.EclipseLogger - Using 'UTF-8' encoding to copy filtered resources.
2021-09-21 11:10:26,006 [Worker-29: Building] INFO  o.e.m.c.i.embedder.EclipseLogger - skip non existing resourceDirectory /Users/rcmurray/git/DANCEcollaborative/bazaar/LightSide/wekafiles/packages/LibSVM/src/test/resources
2021-09-21 11:10:27,414 [Worker-29: Building] INFO  o.e.m.c.i.embedder.EclipseLogger - Using 'UTF-8' encoding to copy filtered resources.
2021-09-21 11:10:27,415 [Worker-29: Building] INFO  o.e.m.c.i.embedder.EclipseLogger - Copying 0 resource to /Users/rcmurray/git/DANCEcollaborative/bazaar/LightSide/wekafiles/packages/bayesianLogisticRegression/build/classes
2021-09-21 11:10:27,415 [Worker-29: Building] INFO  o.e.m.c.i.embedder.EclipseLogger - skip non existing resourceDirectory /Users/rcmurray/git/DANCEcollaborative/bazaar/LightSide/wekafiles/packages/bayesianLogisticRegression/src/test/java
2021-09-21 11:10:27,416 [Worker-29: Building] INFO  o.e.m.c.i.embedder.EclipseLogger - Using 'UTF-8' encoding to copy filtered resources.
2021-09-21 11:10:27,416 [Worker-29: Building] INFO  o.e.m.c.i.embedder.EclipseLogger - skip non existing resourceDirectory /Users/rcmurray/git/DANCEcollaborative/bazaar/LightSide/wekafiles/packages/bayesianLogisticRegression/src/test/resources
2021-09-21 11:10:27,669 [Worker-29: Building] INFO  o.e.m.c.i.embedder.EclipseLogger - Using 'UTF-8' encoding to copy filtered resources.
2021-09-21 11:10:27,669 [Worker-29: Building] INFO  o.e.m.c.i.embedder.EclipseLogger - Copying 0 resource to /Users/rcmurray/git/DANCEcollaborative/bazaar/LightSide/wekafiles/packages/chiSquaredAttributeEval/build/classes
2021-09-21 11:10:27,670 [Worker-29: Building] INFO  o.e.m.c.i.embedder.EclipseLogger - Copying 0 resource to /Users/rcmurray/git/DANCEcollaborative/bazaar/LightSide/wekafiles/packages/chiSquaredAttributeEval/build/testcases
2021-09-21 11:10:27,671 [Worker-29: Building] INFO  o.e.m.c.i.embedder.EclipseLogger - Using 'UTF-8' encoding to copy filtered resources.
2021-09-21 11:10:27,671 [Worker-29: Building] INFO  o.e.m.c.i.embedder.EclipseLogger - skip non existing resourceDirectory /Users/rcmurray/git/DANCEcollaborative/bazaar/LightSide/wekafiles/packages/chiSquaredAttributeEval/src/test/resources
2021-09-21 11:30:51,757 [Worker-7: Loading available Gradle versions] INFO  o.e.b.c.i.u.g.PublishedGradleVersions - Gradle version information cache is up-to-date. Trying to read.
